INFO: [VRFC 10-2263] Analyzing Verilog file "E:/UNIVERSITY/alltext/fpga_teris/demo0/lab_10.srcs/sources_1/ip/rgb2dvi_0_1/rgb2dvi_0_sim_netlist.v" into library xil_defaultlib
INFO: [VRFC 10-311] analyzing module rgb2dvi_0
INFO: [VRFC 10-311] analyzing module rgb2dvi_0_ClockGen
INFO: [VRFC 10-311] analyzing module rgb2dvi_0_OutputSERDES
INFO: [VRFC 10-311] analyzing module rgb2dvi_0_OutputSERDES_0
INFO: [VRFC 10-311] analyzing module rgb2dvi_0_OutputSERDES_2
INFO: [VRFC 10-311] analyzing module rgb2dvi_0_OutputSERDES_4
INFO: [VRFC 10-311] analyzing module rgb2dvi_0_ResetBridge
INFO: [VRFC 10-311] analyzing module rgb2dvi_0_ResetBridge_5
INFO: [VRFC 10-311] analyzing module rgb2dvi_0_SyncAsync
INFO: [VRFC 10-311] analyzing module rgb2dvi_0_SyncAsync_6
INFO: [VRFC 10-311] analyzing module rgb2dvi_0_SyncAsync__parameterized1
INFO: [VRFC 10-311] analyzing module rgb2dvi_0_TMDS_Encoder
INFO: [VRFC 10-311] analyzing module rgb2dvi_0_TMDS_Encoder_1
INFO: [VRFC 10-311] analyzing module rgb2dvi_0_TMDS_Encoder_3
INFO: [VRFC 10-311] analyzing module rgb2dvi_0_rgb2dvi
INFO: [VRFC 10-311] analyzing module glbl
INFO: [VRFC 10-2263] Analyzing Verilog file "E:/UNIVERSITY/alltext/fpga_teris/demo0/lab_10.srcs/sources_1/new/Driver_HDMI.v" into library xil_defaultlib
INFO: [VRFC 10-311] analyzing module Driver_HDMI
INFO: [VRFC 10-2263] Analyzing Verilog file "E:/UNIVERSITY/alltext/fpga_teris/demo0/lab_10.srcs/sources_1/new/clockdown.v" into library xil_defaultlib
INFO: [VRFC 10-311] analyzing module clockdown
INFO: [VRFC 10-2263] Analyzing Verilog file "E:/UNIVERSITY/alltext/fpga_teris/demo0/lab_10.srcs/sources_1/new/decide.v" into library xil_defaultlib
INFO: [VRFC 10-311] analyzing module decide
INFO: [VRFC 10-2263] Analyzing Verilog file "E:/UNIVERSITY/alltext/fpga_teris/demo0/lab_10.srcs/sources_1/new/key.v" into library xil_defaultlib
INFO: [VRFC 10-311] analyzing module key
INFO: [VRFC 10-2263] Analyzing Verilog file "E:/UNIVERSITY/alltext/fpga_teris/demo0/lab_10.srcs/sources_1/new/lab_10.v" into library xil_defaultlib
INFO: [VRFC 10-311] analyzing module lab_10
INFO: [VRFC 10-2263] Analyzing Verilog file "E:/UNIVERSITY/alltext/fpga_teris/demo0/lab_10.srcs/sources_1/new/newblock.v" into library xil_defaultlib
INFO: [VRFC 10-311] analyzing module newblock
INFO: [VRFC 10-2263] Analyzing Verilog file "E:/UNIVERSITY/alltext/fpga_teris/demo0/lab_10.srcs/sources_1/new/next.v" into library xil_defaultlib
INFO: [VRFC 10-311] analyzing module next
INFO: [VRFC 10-2263] Analyzing Verilog file "E:/UNIVERSITY/alltext/fpga_teris/demo0/lab_10.srcs/sources_1/new/remove.v" into library xil_defaultlib
INFO: [VRFC 10-311] analyzing module remove
INFO: [VRFC 10-2263] Analyzing Verilog file "E:/UNIVERSITY/alltext/fpga_teris/demo0/lab_10.srcs/sources_1/new/turn_to_rgb.v" into library xil_defaultlib
INFO: [VRFC 10-311] analyzing module turn_to_rgb
INFO: [VRFC 10-2263] Analyzing Verilog file "E:/UNIVERSITY/alltext/fpga_teris/demo0/lab_10.srcs/sim_1/new/testbench.v" into library xil_defaultlib
INFO: [VRFC 10-311] analyzing module testbench
