#
# A fatal error has been detected by the Java Runtime Environment:
#
#  EXCEPTION_ACCESS_VIOLATION (0xc0000005) at pc=0x00007ff93ff7880f, pid=3032, tid=3556
#
# JRE version: Java(TM) SE Runtime Environment (9.0+11) (build 9.0.4+11)
# Java VM: Java HotSpot(TM) 64-Bit Server VM (9.0.4+11, mixed mode, tiered, compressed oops, g1 gc, windows-amd64)
# Problematic frame:
# C  [librdi_common.dll+0x17880f]
#
# No core dump will be written. Minidumps are not enabled by default on client versions of Windows
#
# If you would like to submit a bug report, please visit:
#   http://bugreport.java.com/bugreport/crash.jsp
# The crash happened outside the Java Virtual Machine in native code.
# See problematic frame for where to report the bug.
#

---------------  S U M M A R Y ------------

Command Line: -Dsun.java2d.pmoffscreen=false -Dsun.java2d.xrender=false -Dsun.java2d.d3d=false -Dsun.awt.nopixfmt=true -Dsun.java2d.dpiaware=true -Dsun.java2d.uiScale.enabled=false -Xverify:none -Dswing.aatext=true -XX:-UsePerfData -Djdk.map.althashing.threshold=512 -XX:StringTableSize=4072 --add-opens=java.base/java.nio=ALL-UNNAMED --add-opens=java.desktop/sun.swing=ALL-UNNAMED --add-opens=java.desktop/javax.swing=ALL-UNNAMED --add-opens=java.desktop/javax.swing.tree=ALL-UNNAMED --add-opens=java.desktop/javax.swing.plaf.basic=ALL-UNNAMED --add-opens=java.desktop/javax.swing.plaf.synth=ALL-UNNAMED --add-opens=java.desktop/com.sun.awt=ALL-UNNAMED -XX:NewSize=60m -XX:MaxNewSize=60m -Xms128m -Xmx3072m -Xss5m 

Host: Intel(R) Core(TM) i7-8550U CPU @ 1.80GHz, 8 cores, 7G,  Windows 10 , 64 bit Build 18362 (10.0.18362.959)
Time: Sat Aug 01 23:09:00 2020 ?D1¨²¡À¨º¡Á?¨º¡À?? elapsed time: 523 seconds (0d 0h 8m 43s)

---------------  T H R E A D  ---------------

Current thread (0x00000272ddaa6800):  JavaThread "AWT-EventQueue-1" [_thread_in_native, id=3556, stack(0x000000aae2e00000,0x000000aae3300000)]

Stack: [0x000000aae2e00000,0x000000aae3300000],  sp=0x000000aae32f4220,  free space=5072k
Native frames: (J=compiled Java code, j=interpreted, Vv=VM code, C=native code)
C  [librdi_common.dll+0x17880f]
C  [librdi_common.dll+0x81bcd]
C  0x00007ff915909e1e
C  0x00007ff9159675c5
C  0x00007ff9159937a3
C  0x00007ff915993f6f
C  0x00007ff915967fb3
C  0x00007ff915968032
C  0x00007ff9159680d1
C  0x00007ff91595f840
C  0x00007ff91599ba6f
C  0x00000272c3cb921c

Java frames: (J=compiled Java code, j=interpreted, Vv=VM code)
j  ui.views.waveform.waveformi.WVExecutive_getValueDataSize(J)J+0
j  ui.views.waveform.executive.a.gBm()Lui/views/waveform/executive/protobuf/WVNameValue$WVValueTreeMessage;+4
j  ui.views.waveform.f.w.gCe()[Ljava/lang/String;+7
j  ui.views.waveform.f.w.cPh()V+22
j  ui.views.waveform.f.m.cPh()V+4
j  ui.views.waveform.m.gyT()V+8
j  ui.views.waveform.m.cPh()V+19
j  ui.views.waveform.w.cPh()V+29
J 18699 c1 ui.views.waveform.c.b.j(Lui/frmwork/b/i;)V (589 bytes) @ 0x00000272c69eedf4 [0x00000272c69e7160+0x0000000000007c94]
J 18698 c1 ui.views.waveform.w.a(Lui/frmwork/b/i;)V (17 bytes) @ 0x00000272c69e6094 [0x00000272c69e5fc0+0x00000000000000d4]
J 12763 c1 ui.frmwork.b.l.d(Lui/frmwork/b/i;)V (61 bytes) @ 0x00000272c4367b9c [0x00000272c4367340+0x000000000000085c]
J 12749 c1 ui.frmwork.HTclEventBroker.i(JZ)V (471 bytes) @ 0x00000272c440b0ac [0x00000272c44068c0+0x00000000000047ec]
J 12750 c1 ui.frmwork.HTclEventBroker.fireTclEvent(J)I (113 bytes) @ 0x00000272c4546b4c [0x00000272c4546340+0x000000000000080c]
v  ~StubRoutines::call_stub
j  ui.views.waveform.waveformi.WVExecutive_setViewportSize(JII)V+0
j  ui.views.waveform.executive.a.ez(II)V+62
j  ui.views.waveform.c.b.gzM()V+131
j  ui.views.waveform.v.componentResized(Ljava/awt/event/ComponentEvent;)V+10
j  java.awt.AWTEventMulticaster.componentResized(Ljava/awt/event/ComponentEvent;)V+21 java.desktop@9.0.4
J 11497 c1 java.awt.Component.processComponentEvent(Ljava/awt/event/ComponentEvent;)V java.desktop@9.0.4 (82 bytes) @ 0x00000272c432a51c [0x00000272c432a1a0+0x000000000000037c]
J 12074 c2 java.awt.Container.processEvent(Ljava/awt/AWTEvent;)V java.desktop@9.0.4 (22 bytes) @ 0x00000272cc031d68 [0x00000272cc031ba0+0x00000000000001c8]
J 17562 c2 java.awt.Component.dispatchEventImpl(Ljava/awt/AWTEvent;)V java.desktop@9.0.4 (739 bytes) @ 0x00000272cc0e2908 [0x00000272cc0e1f60+0x00000000000009a8]
J 18899 c1 java.awt.Container.dispatchEventImpl(Ljava/awt/AWTEvent;)V java.desktop@9.0.4 (129 bytes) @ 0x00000272c4ebea8c [0x00000272c4ebe960+0x000000000000012c]
J 15808 c2 java.awt.EventQueue$3.run()Ljava/lang/Object; java.desktop@9.0.4 (5 bytes) @ 0x00000272cc5c5abc [0x00000272cc5c5900+0x00000000000001bc]
v  ~StubRoutines::call_stub
J 2942  java.security.AccessController.doPrivileged(Ljava/security/PrivilegedAction;Ljava/security/AccessControlContext;)Ljava/lang/Object; java.base@9.0.4 (0 bytes) @ 0x00000272cb90e6c6 [0x00000272cb90e660+0x0000000000000066]
J 15219 c2 java.awt.EventQueue$4.run()Ljava/lang/Object; java.desktop@9.0.4 (5 bytes) @ 0x00000272cc4d9340 [0x00000272cc4d90e0+0x0000000000000260]
v  ~StubRoutines::call_stub
J 2942  java.security.AccessController.doPrivileged(Ljava/security/PrivilegedAction;Ljava/security/AccessControlContext;)Ljava/lang/Object; java.base@9.0.4 (0 bytes) @ 0x00000272cb90e6c6 [0x00000272cb90e660+0x0000000000000066]
J 14135 c2 ui.frmwork.b.d.dispatchEvent(Ljava/awt/AWTEvent;)V (34 bytes) @ 0x00000272cc2eb5b4 [0x00000272cc2eb220+0x0000000000000394]
J 15216 c2 java.awt.EventDispatchThread.pumpOneEventForFilters(I)V java.desktop@9.0.4 (218 bytes) @ 0x00000272cc4d7730 [0x00000272cc4d7400+0x0000000000000330]
J 17829 c1 java.awt.EventDispatchThread.pumpEventsForFilter(ILjava/awt/Conditional;Ljava/awt/EventFilter;)V java.desktop@9.0.4 (47 bytes) @ 0x00000272c556088c [0x00000272c55605a0+0x00000000000002ec]
j  java.awt.EventDispatchThread.pumpEventsForFilter(Ljava/awt/Conditional;Ljava/awt/EventFilter;)V+4 java.desktop@9.0.4
j  java.awt.WaitDispatchSupport$2.run()V+59 java.desktop@9.0.4
j  java.awt.WaitDispatchSupport$4.run()Ljava/lang/Void;+4 java.desktop@9.0.4
j  java.awt.WaitDispatchSupport$4.run()Ljava/lang/Object;+1 java.desktop@9.0.4
v  ~StubRoutines::call_stub
J 929  java.security.AccessController.doPrivileged(Ljava/security/PrivilegedAction;)Ljava/lang/Object; java.base@9.0.4 (0 bytes) @ 0x00000272cb7c20b2 [0x00000272cb7c2060+0x0000000000000052]
j  java.awt.WaitDispatchSupport.enter()Z+260 java.desktop@9.0.4
j  java.awt.Dialog.show()V+225 java.desktop@9.0.4
J 6685 c1 java.awt.Component.setVisible(Z)V java.desktop@9.0.4 (6 bytes) @ 0x00000272c533604c [0x00000272c5335e60+0x00000000000001ec]
j  java.awt.Window.setVisible(Z)V+2 java.desktop@9.0.4
j  java.awt.Dialog.setVisible(Z)V+2 java.desktop@9.0.4
j  ui.b.c.g.setVisible(Z)V+2
j  ui.b.c.bx.showDialog()V+64
j  ui.b.c.bE.actionPerformed(Ljava/awt/event/ActionEvent;)V+8
j  ui.b.c.bx.cHE()V+396
j  ui.views.c.s.b.a.run()V+60
j  ui.frmwork.a.dTt()Z+66
j  ui.frmwork.V.dVd()V+42
j  ui.bk.actionPerformed(Ljava/awt/event/ActionEvent;)V+25
j  javax.swing.AbstractButton.fireActionPerformed(Ljava/awt/event/ActionEvent;)V+84 java.desktop@9.0.4
j  ui.utils.o.b.B.fireActionPerformed(Ljava/awt/event/ActionEvent;)V+7
j  javax.swing.AbstractButton$Handler.actionPerformed(Ljava/awt/event/ActionEvent;)V+5 java.desktop@9.0.4
j  javax.swing.DefaultButtonModel.fireActionPerformed(Ljava/awt/event/ActionEvent;)V+34 java.desktop@9.0.4
j  javax.swing.DefaultButtonModel.setPressed(Z)V+117 java.desktop@9.0.4
j  javax.swing.plaf.basic.BasicButtonListener.mouseReleased(Ljava/awt/event/MouseEvent;)V+35 java.desktop@9.0.4
j  com.jidesoft.plaf.basic.BasicJideButtonListener.mouseReleased(Ljava/awt/event/MouseEvent;)V+61
j  java.awt.AWTEventMulticaster.mouseReleased(Ljava/awt/event/MouseEvent;)V+8 java.desktop@9.0.4
j  java.awt.AWTEventMulticaster.mouseReleased(Ljava/awt/event/MouseEvent;)V+8 java.desktop@9.0.4
j  java.awt.AWTEventMulticaster.mouseReleased(Ljava/awt/event/MouseEvent;)V+8 java.desktop@9.0.4
j  java.awt.AWTEventMulticaster.mouseReleased(Ljava/awt/event/MouseEvent;)V+8 java.desktop@9.0.4
J 15048 c1 java.awt.Component.processMouseEvent(Ljava/awt/event/MouseEvent;)V java.desktop@9.0.4 (100 bytes) @ 0x00000272c641afb4 [0x00000272c641ac20+0x0000000000000394]
J 15047 c1 javax.swing.JComponent.processMouseEvent(Ljava/awt/event/MouseEvent;)V java.desktop@9.0.4 (27 bytes) @ 0x00000272c641a76c [0x00000272c641a560+0x000000000000020c]
J 12074 c2 java.awt.Container.processEvent(Ljava/awt/AWTEvent;)V java.desktop@9.0.4 (22 bytes) @ 0x00000272cc031cc0 [0x00000272cc031ba0+0x0000000000000120]
J 17562 c2 java.awt.Component.dispatchEventImpl(Ljava/awt/AWTEvent;)V java.desktop@9.0.4 (739 bytes) @ 0x00000272cc0e2908 [0x00000272cc0e1f60+0x00000000000009a8]
J 16655 c2 java.awt.Container.dispatchEventImpl(Ljava/awt/AWTEvent;)V java.desktop@9.0.4 (129 bytes) @ 0x00000272cc6bc218 [0x00000272cc6bc1c0+0x0000000000000058]
J 16654 c2 java.awt.LightweightDispatcher.retargetMouseEvent(Ljava/awt/Component;ILjava/awt/event/MouseEvent;)V java.desktop@9.0.4 (350 bytes) @ 0x00000272cc6ba604 [0x00000272cc6ba060+0x00000000000005a4]
J 17863 c2 java.awt.LightweightDispatcher.processMouseEvent(Ljava/awt/event/MouseEvent;)Z java.desktop@9.0.4 (265 bytes) @ 0x00000272cc85bea0 [0x00000272cc85b720+0x0000000000000780]
J 16655 c2 java.awt.Container.dispatchEventImpl(Ljava/awt/AWTEvent;)V java.desktop@9.0.4 (129 bytes) @ 0x00000272cc6bc5a4 [0x00000272cc6bc1c0+0x00000000000003e4]
J 15313 c2 java.awt.Window.dispatchEventImpl(Ljava/awt/AWTEvent;)V java.desktop@9.0.4 (23 bytes) @ 0x00000272cc511e8c [0x00000272cc511e40+0x000000000000004c]
J 15808 c2 java.awt.EventQueue$3.run()Ljava/lang/Object; java.desktop@9.0.4 (5 bytes) @ 0x00000272cc5c5abc [0x00000272cc5c5900+0x00000000000001bc]
v  ~StubRoutines::call_stub
J 2942  java.security.AccessController.doPrivileged(Ljava/security/PrivilegedAction;Ljava/security/AccessControlContext;)Ljava/lang/Object; java.base@9.0.4 (0 bytes) @ 0x00000272cb90e6c6 [0x00000272cb90e660+0x0000000000000066]
J 15219 c2 java.awt.EventQueue$4.run()Ljava/lang/Object; java.desktop@9.0.4 (5 bytes) @ 0x00000272cc4d9340 [0x00000272cc4d90e0+0x0000000000000260]
v  ~StubRoutines::call_stub
J 2942  java.security.AccessController.doPrivileged(Ljava/security/PrivilegedAction;Ljava/security/AccessControlContext;)Ljava/lang/Object; java.base@9.0.4 (0 bytes) @ 0x00000272cb90e6c6 [0x00000272cb90e660+0x0000000000000066]
J 14135 c2 ui.frmwork.b.d.dispatchEvent(Ljava/awt/AWTEvent;)V (34 bytes) @ 0x00000272cc2eb5b4 [0x00000272cc2eb220+0x0000000000000394]
J 15216 c2 java.awt.EventDispatchThread.pumpOneEventForFilters(I)V java.desktop@9.0.4 (218 bytes) @ 0x00000272cc4d7730 [0x00000272cc4d7400+0x0000000000000330]
J 17811% c1 java.awt.EventDispatchThread.pumpEventsForFilter(ILjava/awt/Conditional;Ljava/awt/EventFilter;)V java.desktop@9.0.4 (47 bytes) @ 0x00000272c55b7d64 [0x00000272c55b7a20+0x0000000000000344]
j  java.awt.EventDispatchThread.pumpEventsForHierarchy(ILjava/awt/Conditional;Ljava/awt/Component;)V+11 java.desktop@9.0.4
j  java.awt.EventDispatchThread.pumpEvents(ILjava/awt/Conditional;)V+4 java.desktop@9.0.4
j  java.awt.EventDispatchThread.pumpEvents(Ljava/awt/Conditional;)V+3 java.desktop@9.0.4
j  java.awt.EventDispatchThread.run()V+9 java.desktop@9.0.4
v  ~StubRoutines::call_stub

siginfo: EXCEPTION_ACCESS_VIOLATION (0xc0000005), reading address 0xffffffffffffffff


Register to memory mapping:

RIP=0x00007ff93ff7880f librdi_common.dll
RAX=0x00000272b2798e01 is an unknown value
RBX=0x000000aae32f42e0 is pointing into the stack for thread: 0x00000272ddaa6800
RCX=0x00000272b2798e00 is an unknown value
RDX=0x90020300fd75cc3a is an unknown value
RSP=0x000000aae32f4220 is pointing into the stack for thread: 0x00000272ddaa6800
RBP=0x000000aae32f4530 is pointing into the stack for thread: 0x00000272ddaa6800
RSI=0x0000000000000000 is an unknown value
RDI=0x90020300fd75cc3a is an unknown value
R8 =0x00007ff915b737dc is an unknown value
R9 =0x0000000000000000 is an unknown value
R10=0x0000000000000001 is an unknown value
R11=0x000000aae32f42a8 is pointing into the stack for thread: 0x00000272ddaa6800
R12=0x0000000000000000 is an unknown value
R13={method} {0x00000272e04c2ab8} 'WVExecutive_getValueDataSize' '(J)J' in 'ui/views/waveform/waveformi'
R14=0x00000272e84161c0 is an unknown value
R15=0x00000004a77f3180 is an unknown value


Registers:
RAX=0x00000272b2798e01, RBX=0x000000aae32f42e0, RCX=0x00000272b2798e00, RDX=0x90020300fd75cc3a
RSP=0x000000aae32f4220, RBP=0x000000aae32f4530, RSI=0x0000000000000000, RDI=0x90020300fd75cc3a
R8 =0x00007ff915b737dc, R9 =0x0000000000000000, R10=0x0000000000000001, R11=0x000000aae32f42a8
R12=0x0000000000000000, R13=0x00000272e04c2ab0, R14=0x00000272e84161c0, R15=0x00000004a77f3180
RIP=0x00007ff93ff7880f, EFLAGS=0x0000000000010202

Top of Stack: (sp=0x000000aae32f4220)
0x000000aae32f4220:   0000000000000000 000000000000000f
0x000000aae32f4230:   00000272ea62ce00 000000aae32f42e0
0x000000aae32f4240:   0000000000000000 fffffffffffffffe
0x000000aae32f4250:   00007ff915b86500 00007ff98d2643c8
0x000000aae32f4260:   0000000000000000 000000000000000f
0x000000aae32f4270:   0000000065757200 0000000000000000
0x000000aae32f4280:   0000000000000000 000000000000000f
0x000000aae32f4290:   0000099c79adceac 00007ff98d2643a0
0x000000aae32f42a0:   000000aae32f4440 00007ff93fe81bcd
0x000000aae32f42b0:   00007ff915b73798 00000272e84161c0
0x000000aae32f42c0:   00000272e84161c0 00000272e8d2d430
0x000000aae32f42d0:   00000272e84161c0 fffffffffffffffe
0x000000aae32f42e0:   0000000000000028 00007ff915908c87
0x000000aae32f42f0:   00000004a77f3180 00000272e84161c0
0x000000aae32f4300:   0000099c79adce3c 0000000000000000
0x000000aae32f4310:   0000000000000000 00007ff915909e1e 

Instructions: (pc=0x00007ff93ff7880f)
0x00007ff93ff787ef:   6e 00 cc 48 83 f9 27 76 07 ff 15 e2 64 6e 00 cc
0x00007ff93ff787ff:   48 8b c8 e8 c9 b4 5a 00 48 8b c3 e9 1c 01 00 00
0x00007ff93ff7880f:   48 8b 4f 50 48 85 c9 0f 84 ff 00 00 00 48 8d 54
0x00007ff93ff7881f:   24 50 e8 ba e3 04 00 48 8b d0 48 8d 4c 24 30 e8 



---------------  P R O C E S S  ---------------

Java Threads: ( => current thread )
  0x00000272eb835800 JavaThread "Relaunch Simulation" [_thread_blocked, id=12908, stack(0x000000aae8700000,0x000000aae8c00000)]
  0x00000272eb837800 JavaThread "Thread-591" [_thread_in_native, id=2188, stack(0x000000aadb300000,0x000000aadb400000)]
  0x00000272e9892800 JavaThread "Monitor File Timestamp Swing Worker" [_thread_blocked, id=11716, stack(0x000000aae8200000,0x000000aae8700000)]
  0x00000272b6c78800 JavaThread "Timer-1" [_thread_blocked, id=11916, stack(0x000000aae7800000,0x000000aae7d00000)]
  0x00000272e9893000 JavaThread "Image Animator 3" daemon [_thread_blocked, id=5940, stack(0x000000aae7d00000,0x000000aae8200000)]
  0x00000272e988e800 JavaThread "Timer-0" [_thread_blocked, id=12816, stack(0x000000aae6e00000,0x000000aae7300000)]
  0x00000272e9890000 JavaThread "Thread-75" [_thread_in_native, id=7588, stack(0x000000aae5600000,0x000000aae5700000)]
  0x00000272e9895800 JavaThread "SyntheticaAnimation 50" daemon [_thread_blocked, id=5604, stack(0x000000aae6900000,0x000000aae6e00000)]
  0x00000272e9894000 JavaThread "Thread-59" [_thread_in_native, id=4164, stack(0x000000aae5600000,0x000000aae5700000)]
  0x00000272e9888000 JavaThread "Thread-47" [_thread_in_native, id=9876, stack(0x000000aae6900000,0x000000aae6a00000)]
  0x00000272e9887000 JavaThread "hw_ila_monitor" [_thread_blocked, id=6404, stack(0x000000aae6100000,0x000000aae6600000)]
  0x00000272e988b800 JavaThread "Update Runs Swing Worker" [_thread_blocked, id=12872, stack(0x000000aae5700000,0x000000aae5c00000)]
  0x00000272e9889800 JavaThread "Refresh Filesets Swing Worker" [_thread_blocked, id=12456, stack(0x000000aae1f00000,0x000000aae2400000)]
  0x00000272b6c77800 JavaThread "SyntheticaAnimation 70" daemon [_thread_blocked, id=2356, stack(0x000000aae3300000,0x000000aae3800000)]
  0x00000272b6c76000 JavaThread "Swing-Shell" daemon [_thread_blocked, id=2936, stack(0x000000aae4f00000,0x000000aae5400000)]
  0x00000272b6c77000 JavaThread "SyntheticaAnimation 25" daemon [_thread_blocked, id=8448, stack(0x000000aae4a00000,0x000000aae4f00000)]
  0x00000272b6c75800 JavaThread "SyntheticaAnimation 50" daemon [_thread_blocked, id=1384, stack(0x000000aae4500000,0x000000aae4a00000)]
  0x00000272b6c74800 JavaThread "Monitor HEventQueue" [_thread_blocked, id=12148, stack(0x000000aae4000000,0x000000aae4500000)]
  0x00000272b6c7a800 JavaThread "Batik CleanerThread" daemon [_thread_blocked, id=10780, stack(0x000000aae3800000,0x000000aae3d00000)]
  0x00000272b6c7a000 JavaThread "SyntheticaCleanerThread" daemon [_thread_blocked, id=4620, stack(0x000000aae2400000,0x000000aae2900000)]
=>0x00000272ddaa6800 JavaThread "AWT-EventQueue-1" [_thread_in_native, id=3556, stack(0x000000aae2e00000,0x000000aae3300000)]
  0x00000272de09d000 JavaThread "Process Messages" [_thread_blocked, id=13048, stack(0x000000aae2900000,0x000000aae2e00000)]
  0x00000272ddf18000 JavaThread "Thread-1" [_thread_in_native, id=9968, stack(0x000000aadb700000,0x000000aadcb00000)]
  0x00000272ddeda000 JavaThread "TimerQueue" daemon [_thread_blocked, id=5756, stack(0x000000aae1a00000,0x000000aae1f00000)]
  0x00000272bb13e800 JavaThread "AWT-Windows" daemon [_thread_in_native, id=3732, stack(0x000000aae1500000,0x000000aae1a00000)]
  0x00000272bb141000 JavaThread "AWT-Shutdown" [_thread_blocked, id=9416, stack(0x000000aae1000000,0x000000aae1500000)]
  0x00000272bafe3000 JavaThread "Java2D Disposer" daemon [_thread_blocked, id=4584, stack(0x000000aae0b00000,0x000000aae1000000)]
  0x00000272bc263800 JavaThread "Service Thread" daemon [_thread_blocked, id=10748, stack(0x000000aae0500000,0x000000aae0a00000)]
  0x00000272bc7be000 JavaThread "Common-Cleaner" daemon [_thread_blocked, id=10064, stack(0x000000aae0000000,0x000000aae0500000)]
  0x00000272b6c79000 JavaThread "Sweeper thread" daemon [_thread_blocked, id=12708, stack(0x000000aadfb00000,0x000000aae0000000)]
  0x00000272b7242800 JavaThread "C1 CompilerThread3" daemon [_thread_blocked, id=2248, stack(0x000000aadfa00000,0x000000aadfb00000)]
  0x00000272bc5a9000 JavaThread "C2 CompilerThread2" daemon [_thread_blocked, id=10300, stack(0x000000aadf900000,0x000000aadfa00000)]
  0x00000272bc5a8800 JavaThread "C2 CompilerThread1" daemon [_thread_blocked, id=3200, stack(0x000000aadf800000,0x000000aadf900000)]
  0x00000272ba8cb000 JavaThread "C2 CompilerThread0" daemon [_thread_blocked, id=9924, stack(0x000000aadf700000,0x000000aadf800000)]
  0x00000272bcd94000 JavaThread "Attach Listener" daemon [_thread_blocked, id=1268, stack(0x000000aadf200000,0x000000aadf700000)]
  0x00000272bcd93800 JavaThread "Signal Dispatcher" daemon [_thread_blocked, id=7880, stack(0x000000aaded00000,0x000000aadf200000)]
  0x00000272bc71a000 JavaThread "Finalizer" daemon [_thread_blocked, id=5480, stack(0x000000aade800000,0x000000aaded00000)]
  0x00000272b70ac000 JavaThread "Reference Handler" daemon [_thread_blocked, id=6640, stack(0x000000aade300000,0x000000aade800000)]
  0x00000272b40a4800 JavaThread "main" [_thread_blocked, id=7496, stack(0x000000aadb600000,0x000000aadb700000)]

Other Threads:
  0x00000272bc698800 VMThread "VM Thread" [stack: 0x000000aade200000,0x000000aade300000] [id=7508]
  0x00000272baa76800 WatcherThread [stack: 0x000000aae0a00000,0x000000aae0b00000] [id=4180]
  0x00000272b742b800 GCTaskThread "GC Thread#0" [stack: 0x000000aadce00000,0x000000aadcf00000] [id=11312]
  0x00000272b6f86800 GCTaskThread "GC Thread#1" [stack: 0x000000aadcf00000,0x000000aadd000000] [id=11092]
  0x00000272b6efd800 GCTaskThread "GC Thread#2" [stack: 0x000000aadd000000,0x000000aadd100000] [id=12920]
  0x00000272bc5ac800 GCTaskThread "GC Thread#3" [stack: 0x000000aadd100000,0x000000aadd200000] [id=13044]
  0x00000272bc5ad000 GCTaskThread "GC Thread#4" [stack: 0x000000aadd200000,0x000000aadd300000] [id=8108]
  0x00000272bc266800 GCTaskThread "GC Thread#5" [stack: 0x000000aadd300000,0x000000aadd400000] [id=6956]
  0x00000272bc267000 GCTaskThread "GC Thread#6" [stack: 0x000000aadd400000,0x000000aadd500000] [id=12888]
  0x00000272bd0a3800 GCTaskThread "GC Thread#7" [stack: 0x000000aadd500000,0x000000aadd600000] [id=11796]
  0x00000272b7502800 ConcurrentGCThread "G1 Main Marker" [stack: 0x000000aaddf00000,0x000000aade000000] [id=5192]
  0x00000272b63cd800 ConcurrentGCThread "G1 Marker#0" [stack: 0x000000aade000000,0x000000aade100000] [id=248]
  0x00000272b68e7800 ConcurrentGCThread "G1 Marker#1" [stack: 0x000000aade100000,0x000000aade200000] [id=12996]
  0x00000272bc62b800 ConcurrentGCThread "G1 Refine#0" [stack: 0x000000aaddd00000,0x000000aadde00000] [id=12976]
  0x00000272ba363800 ConcurrentGCThread "G1 Refine#1" [stack: 0x000000aaddc00000,0x000000aaddd00000] [id=2160]
  0x00000272b62e0800 ConcurrentGCThread "G1 Refine#2" [stack: 0x000000aaddb00000,0x000000aaddc00000] [id=5444]
  0x00000272bc3f4000 ConcurrentGCThread "G1 Refine#3" [stack: 0x000000aadda00000,0x000000aaddb00000] [id=13060]
  0x00000272bc3f3800 ConcurrentGCThread "G1 Refine#4" [stack: 0x000000aadd900000,0x000000aadda00000] [id=3736]
  0x00000272bc982800 ConcurrentGCThread "G1 Refine#5" [stack: 0x000000aadd800000,0x000000aadd900000] [id=5140]
  0x00000272bcd97800 ConcurrentGCThread "G1 Refine#6" [stack: 0x000000aadd700000,0x000000aadd800000] [id=5584]
  0x00000272bcfc8800 ConcurrentGCThread "G1 Refine#7" [stack: 0x000000aadd600000,0x000000aadd700000] [id=1324]
  0x00000272b6a3f800 ConcurrentGCThread "G1 Young RemSet Sampling" [stack: 0x000000aadde00000,0x000000aaddf00000] [id=2948]

Threads with active compile tasks:

VM state:not at safepoint (normal execution)

VM Mutex/Monitor currently owned by a thread: None

Heap address: 0x0000000700000000, size: 3072 MB, Compressed Oops mode: Zero based, Oop shift amount: 3
Narrow klass base: 0x0000000000000000, Narrow klass shift: 3
Compressed class space size: 1073741824 Address: 0x00000007c0000000

Heap:
 garbage-first heap   total 189440K, used 119203K [0x0000000700000000, 0x00000007001005c8, 0x00000007c0000000)
  region size 1024K, 54 young (55296K), 1 survivors (1024K)
 Metaspace       used 81072K, capacity 87254K, committed 87632K, reserved 1124352K
  class space    used 11260K, capacity 12309K, committed 12412K, reserved 1048576K
Heap Regions: E=young(eden), S=young(survivor), O=old, HS=humongous(starts), HC=humongous(continues), CS=collection set, F=free, A=archive, TS=gc time stamp, AC=allocation context, TAMS=top-at-mark-start (previous, next)
|   0|0x0000000700000000, 0x0000000700100000, 0x0000000700100000|100%|HS|  |TS  0|AC  0|TAMS 0x0000000700000000, 0x0000000700000000|
|   1|0x0000000700100000, 0x0000000700200000, 0x0000000700200000|100%|HS|  |TS  0|AC  0|TAMS 0x0000000700100000, 0x0000000700100000|
|   2|0x0000000700200000, 0x0000000700300000, 0x0000000700300000|100%|HC|  |TS  0|AC  0|TAMS 0x0000000700200000, 0x0000000700200000|
|   3|0x0000000700300000, 0x0000000700400000, 0x0000000700400000|100%|HS|  |TS  0|AC  0|TAMS 0x0000000700300000, 0x0000000700300000|
|   4|0x0000000700400000, 0x00000007004ffff0, 0x0000000700500000| 99%| O|  |TS  0|AC  0|TAMS 0x0000000700400000, 0x0000000700400000|
|   5|0x0000000700500000, 0x00000007005ffff0, 0x0000000700600000| 99%| O|  |TS  0|AC  0|TAMS 0x0000000700500000, 0x0000000700500000|
|   6|0x0000000700600000, 0x00000007006ffff0, 0x0000000700700000| 99%| O|  |TS  0|AC  0|TAMS 0x0000000700600000, 0x0000000700600000|
|   7|0x0000000700700000, 0x00000007007f7178, 0x0000000700800000| 96%| O|  |TS  0|AC  0|TAMS 0x0000000700700000, 0x0000000700700000|
|   8|0x0000000700800000, 0x00000007008ffff8, 0x0000000700900000| 99%| O|  |TS  0|AC  0|TAMS 0x0000000700800000, 0x0000000700800000|
|   9|0x0000000700900000, 0x0000000700a00000, 0x0000000700a00000|100%| O|  |TS  0|AC  0|TAMS 0x0000000700900000, 0x0000000700900000|
|  10|0x0000000700a00000, 0x0000000700afa740, 0x0000000700b00000| 97%| O|  |TS  0|AC  0|TAMS 0x0000000700a00000, 0x0000000700a00000|
|  11|0x0000000700b00000, 0x0000000700bffe30, 0x0000000700c00000| 99%| O|  |TS  0|AC  0|TAMS 0x0000000700b00000, 0x0000000700b00000|
|  12|0x0000000700c00000, 0x0000000700d00000, 0x0000000700d00000|100%| O|  |TS  0|AC  0|TAMS 0x0000000700c00000, 0x0000000700c00000|
|  13|0x0000000700d00000, 0x0000000700dfd438, 0x0000000700e00000| 98%| O|  |TS  0|AC  0|TAMS 0x0000000700d00000, 0x0000000700d00000|
|  14|0x0000000700e00000, 0x0000000700effff0, 0x0000000700f00000| 99%| O|  |TS  0|AC  0|TAMS 0x0000000700e00000, 0x0000000700e00000|
|  15|0x0000000700f00000, 0x0000000700fff998, 0x0000000701000000| 99%| O|  |TS  0|AC  0|TAMS 0x0000000700f00000, 0x0000000700f00000|
|  16|0x0000000701000000, 0x00000007010ffff0, 0x0000000701100000| 99%| O|  |TS  0|AC  0|TAMS 0x0000000701000000, 0x0000000701000000|
|  17|0x0000000701100000, 0x00000007011ffff8, 0x0000000701200000| 99%| O|  |TS  0|AC  0|TAMS 0x0000000701100000, 0x0000000701100000|
|  18|0x0000000701200000, 0x00000007012fffe8, 0x0000000701300000| 99%| O|  |TS  0|AC  0|TAMS 0x0000000701200000, 0x0000000701200000|
|  19|0x0000000701300000, 0x00000007013fffe8, 0x0000000701400000| 99%| O|  |TS  0|AC  0|TAMS 0x0000000701300000, 0x0000000701300000|
|  20|0x0000000701400000, 0x00000007014fff18, 0x0000000701500000| 99%| O|  |TS  0|AC  0|TAMS 0x0000000701400000, 0x0000000701400000|
|  21|0x0000000701500000, 0x00000007015ffff0, 0x0000000701600000| 99%| O|  |TS  0|AC  0|TAMS 0x0000000701500000, 0x0000000701500000|
|  22|0x0000000701600000, 0x0000000701700000, 0x0000000701700000|100%| O|  |TS  0|AC  0|TAMS 0x0000000701600000, 0x0000000701600000|
|  23|0x0000000701700000, 0x00000007017fffe0, 0x0000000701800000| 99%| O|  |TS  0|AC  0|TAMS 0x0000000701700000, 0x0000000701700000|
|  24|0x0000000701800000, 0x00000007018fffe0, 0x0000000701900000| 99%| O|  |TS  0|AC  0|TAMS 0x0000000701800000, 0x0000000701800000|
|  25|0x0000000701900000, 0x00000007019ffff0, 0x0000000701a00000| 99%| O|  |TS  0|AC  0|TAMS 0x0000000701900000, 0x0000000701900000|
|  26|0x0000000701a00000, 0x0000000701afffd8, 0x0000000701b00000| 99%| O|  |TS  0|AC  0|TAMS 0x0000000701a00000, 0x0000000701a00000|
|  27|0x0000000701b00000, 0x0000000701bfffc8, 0x0000000701c00000| 99%| O|  |TS  0|AC  0|TAMS 0x0000000701b00000, 0x0000000701b00000|
|  28|0x0000000701c00000, 0x0000000701d00000, 0x0000000701d00000|100%| O|  |TS  0|AC  0|TAMS 0x0000000701c00000, 0x0000000701c00000|
|  29|0x0000000701d00000, 0x0000000701dfff00, 0x0000000701e00000| 99%| O|  |TS  0|AC  0|TAMS 0x0000000701d00000, 0x0000000701d00000|
|  30|0x0000000701e00000, 0x0000000701efffd0, 0x0000000701f00000| 99%| O|  |TS  0|AC  0|TAMS 0x0000000701e00000, 0x0000000701e00000|
|  31|0x0000000701f00000, 0x0000000702000000, 0x0000000702000000|100%| O|  |TS  0|AC  0|TAMS 0x0000000701f00000, 0x0000000701f00000|
|  32|0x0000000702000000, 0x00000007020c2380, 0x0000000702100000| 75%| O|  |TS  0|AC  0|TAMS 0x0000000702000000, 0x0000000702000000|
|  33|0x0000000702100000, 0x00000007021e4870, 0x0000000702200000| 89%| O|  |TS  0|AC  0|TAMS 0x0000000702100000, 0x0000000702100000|
|  34|0x0000000702200000, 0x00000007022fefb8, 0x0000000702300000| 99%| O|  |TS  0|AC  0|TAMS 0x0000000702200000, 0x0000000702200000|
|  35|0x0000000702300000, 0x00000007023ffff0, 0x0000000702400000| 99%| O|  |TS  0|AC  0|TAMS 0x0000000702300000, 0x0000000702300000|
|  36|0x0000000702400000, 0x00000007024ffff0, 0x0000000702500000| 99%| O|  |TS  0|AC  0|TAMS 0x0000000702400000, 0x0000000702400000|
|  37|0x0000000702500000, 0x00000007025ffff0, 0x0000000702600000| 99%| O|  |TS  0|AC  0|TAMS 0x0000000702500000, 0x0000000702500000|
|  38|0x0000000702600000, 0x0000000702700000, 0x0000000702700000|100%|HS|  |TS  0|AC  0|TAMS 0x0000000702600000, 0x0000000702600000|
|  39|0x0000000702700000, 0x0000000702800000, 0x0000000702800000|100%|HC|  |TS  0|AC  0|TAMS 0x0000000702700000, 0x0000000702700000|
|  40|0x0000000702800000, 0x0000000702900000, 0x0000000702900000|100%|HC|  |TS  0|AC  0|TAMS 0x0000000702800000, 0x0000000702800000|
|  41|0x0000000702900000, 0x0000000702a00000, 0x0000000702a00000|100%|HC|  |TS  0|AC  0|TAMS 0x0000000702900000, 0x0000000702900000|
|  42|0x0000000702a00000, 0x0000000702b00000, 0x0000000702b00000|100%|HC|  |TS  0|AC  0|TAMS 0x0000000702a00000, 0x0000000702a00000|
|  43|0x0000000702b00000, 0x0000000702c00000, 0x0000000702c00000|100%|HC|  |TS  0|AC  0|TAMS 0x0000000702b00000, 0x0000000702b00000|
|  44|0x0000000702c00000, 0x0000000702d00000, 0x0000000702d00000|100%|HC|  |TS  0|AC  0|TAMS 0x0000000702c00000, 0x0000000702c00000|
|  45|0x0000000702d00000, 0x0000000702e00000, 0x0000000702e00000|100%|HC|  |TS  0|AC  0|TAMS 0x0000000702d00000, 0x0000000702d00000|
|  46|0x0000000702e00000, 0x0000000702efffd0, 0x0000000702f00000| 99%| O|  |TS  0|AC  0|TAMS 0x0000000702e00000, 0x0000000702e00000|
|  47|0x0000000702f00000, 0x0000000702fffff0, 0x0000000703000000| 99%| O|  |TS  0|AC  0|TAMS 0x0000000702f00000, 0x0000000702f00000|
|  48|0x0000000703000000, 0x00000007030ffdd8, 0x0000000703100000| 99%| O|  |TS  0|AC  0|TAMS 0x0000000703000000, 0x0000000703000000|
|  49|0x0000000703100000, 0x00000007031ffff8, 0x0000000703200000| 99%| O|  |TS  0|AC  0|TAMS 0x0000000703100000, 0x0000000703100000|
|  50|0x0000000703200000, 0x00000007032fffe8, 0x0000000703300000| 99%| O|  |TS  0|AC  0|TAMS 0x0000000703200000, 0x0000000703200000|
|  51|0x0000000703300000, 0x00000007033fffe8, 0x0000000703400000| 99%| O|  |TS  0|AC  0|TAMS 0x0000000703300000, 0x0000000703300000|
|  52|0x0000000703400000, 0x00000007034fffb0, 0x0000000703500000| 99%| O|  |TS  0|AC  0|TAMS 0x0000000703400000, 0x0000000703400000|
|  53|0x0000000703500000, 0x00000007035fffe8, 0x0000000703600000| 99%| O|  |TS  0|AC  0|TAMS 0x0000000703500000, 0x0000000703500000|
|  54|0x0000000703600000, 0x00000007036ffff8, 0x0000000703700000| 99%| O|  |TS  0|AC  0|TAMS 0x0000000703600000, 0x0000000703600000|
|  55|0x0000000703700000, 0x00000007037ffff8, 0x0000000703800000| 99%| O|  |TS  0|AC  0|TAMS 0x0000000703700000, 0x0000000703700000|
|  56|0x0000000703800000, 0x00000007038fffc8, 0x0000000703900000| 99%| O|  |TS  0|AC  0|TAMS 0x0000000703800000, 0x0000000703800000|
|  57|0x0000000703900000, 0x00000007039ffff0, 0x0000000703a00000| 99%| O|  |TS  0|AC  0|TAMS 0x0000000703900000, 0x0000000703900000|
|  58|0x0000000703a00000, 0x0000000703adfce0, 0x0000000703b00000| 87%| O|  |TS  0|AC  0|TAMS 0x0000000703a00000, 0x0000000703a00000|
|  59|0x0000000703b00000, 0x0000000703bffff0, 0x0000000703c00000| 99%| O|  |TS  0|AC  0|TAMS 0x0000000703b00000, 0x0000000703b00000|
|  60|0x0000000703c00000, 0x0000000703cfffe8, 0x0000000703d00000| 99%| O|  |TS  0|AC  0|TAMS 0x0000000703c00000, 0x0000000703c00000|
|  61|0x0000000703d00000, 0x0000000703e00000, 0x0000000703e00000|100%| O|  |TS  0|AC  0|TAMS 0x0000000703d00000, 0x0000000703d00000|
|  62|0x0000000703e00000, 0x0000000703e6aef0, 0x0000000703f00000| 41%| O|  |TS  0|AC  0|TAMS 0x0000000703e00000, 0x0000000703e00000|
|  63|0x0000000703f00000, 0x0000000703f00000, 0x0000000704000000|  0%| F|  |TS  0|AC  0|TAMS 0x0000000703f00000, 0x0000000703f00000|
|  64|0x0000000704000000, 0x0000000704000000, 0x0000000704100000|  0%| F|  |TS  0|AC  0|TAMS 0x0000000704000000, 0x0000000704000000|
|  65|0x0000000704100000, 0x0000000704100000, 0x0000000704200000|  0%| F|  |TS  0|AC  0|TAMS 0x0000000704100000, 0x0000000704100000|
|  66|0x0000000704200000, 0x0000000704200000, 0x0000000704300000|  0%| F|  |TS  0|AC  0|TAMS 0x0000000704200000, 0x0000000704200000|
|  67|0x0000000704300000, 0x0000000704400000, 0x0000000704400000|100%|HS|  |TS  0|AC  0|TAMS 0x0000000704300000, 0x0000000704300000|
|  68|0x0000000704400000, 0x0000000704500000, 0x0000000704500000|100%|HC|  |TS  0|AC  0|TAMS 0x0000000704400000, 0x0000000704400000|
|  69|0x0000000704500000, 0x0000000704500000, 0x0000000704600000|  0%| F|  |TS  0|AC  0|TAMS 0x0000000704500000, 0x0000000704500000|
|  70|0x0000000704600000, 0x0000000704600000, 0x0000000704700000|  0%| F|  |TS  0|AC  0|TAMS 0x0000000704600000, 0x0000000704600000|
|  71|0x0000000704700000, 0x0000000704700000, 0x0000000704800000|  0%| F|  |TS  0|AC  0|TAMS 0x0000000704700000, 0x0000000704700000|
|  72|0x0000000704800000, 0x0000000704800000, 0x0000000704900000|  0%| F|  |TS  0|AC  0|TAMS 0x0000000704800000, 0x0000000704800000|
|  73|0x0000000704900000, 0x0000000704900000, 0x0000000704a00000|  0%| F|  |TS  0|AC  0|TAMS 0x0000000704900000, 0x0000000704900000|
|  74|0x0000000704a00000, 0x0000000704a00000, 0x0000000704b00000|  0%| F|  |TS  0|AC  0|TAMS 0x0000000704a00000, 0x0000000704a00000|
|  75|0x0000000704b00000, 0x0000000704b00000, 0x0000000704c00000|  0%| F|  |TS  0|AC  0|TAMS 0x0000000704b00000, 0x0000000704b00000|
|  76|0x0000000704c00000, 0x0000000704c00000, 0x0000000704d00000|  0%| F|  |TS  0|AC  0|TAMS 0x0000000704c00000, 0x0000000704c00000|
|  77|0x0000000704d00000, 0x0000000704d00000, 0x0000000704e00000|  0%| F|  |TS  0|AC  0|TAMS 0x0000000704d00000, 0x0000000704d00000|
|  78|0x0000000704e00000, 0x0000000704e00000, 0x0000000704f00000|  0%| F|  |TS  0|AC  0|TAMS 0x0000000704e00000, 0x0000000704e00000|
|  79|0x0000000704f00000, 0x0000000704f00000, 0x0000000705000000|  0%| F|  |TS  0|AC  0|TAMS 0x0000000704f00000, 0x0000000704f00000|
|  80|0x0000000705000000, 0x0000000705000000, 0x0000000705100000|  0%| F|  |TS  0|AC  0|TAMS 0x0000000705000000, 0x0000000705000000|
|  81|0x0000000705100000, 0x0000000705100000, 0x0000000705200000|  0%| F|  |TS  0|AC  0|TAMS 0x0000000705100000, 0x0000000705100000|
|  82|0x0000000705200000, 0x0000000705200000, 0x0000000705300000|  0%| F|  |TS  0|AC  0|TAMS 0x0000000705200000, 0x0000000705200000|
|  83|0x0000000705300000, 0x0000000705300000, 0x0000000705400000|  0%| F|  |TS  0|AC  0|TAMS 0x0000000705300000, 0x0000000705300000|
|  84|0x0000000705400000, 0x0000000705400000, 0x0000000705500000|  0%| F|  |TS  0|AC  0|TAMS 0x0000000705400000, 0x0000000705400000|
|  85|0x0000000705500000, 0x0000000705500000, 0x0000000705600000|  0%| F|  |TS  0|AC  0|TAMS 0x0000000705500000, 0x0000000705500000|
|  86|0x0000000705600000, 0x0000000705600000, 0x0000000705700000|  0%| F|  |TS  0|AC  0|TAMS 0x0000000705600000, 0x0000000705600000|
|  87|0x0000000705700000, 0x0000000705700000, 0x0000000705800000|  0%| F|  |TS  0|AC  0|TAMS 0x0000000705700000, 0x0000000705700000|
|  88|0x0000000705800000, 0x0000000705800000, 0x0000000705900000|  0%| F|  |TS  0|AC  0|TAMS 0x0000000705800000, 0x0000000705800000|
|  89|0x0000000705900000, 0x0000000705900000, 0x0000000705a00000|  0%| F|  |TS  0|AC  0|TAMS 0x0000000705900000, 0x0000000705900000|
|  90|0x0000000705a00000, 0x0000000705a00000, 0x0000000705b00000|  0%| F|  |TS  0|AC  0|TAMS 0x0000000705a00000, 0x0000000705a00000|
|  91|0x0000000705b00000, 0x0000000705b00000, 0x0000000705c00000|  0%| F|  |TS  0|AC  0|TAMS 0x0000000705b00000, 0x0000000705b00000|
|  92|0x0000000705c00000, 0x0000000705c00000, 0x0000000705d00000|  0%| F|  |TS  0|AC  0|TAMS 0x0000000705c00000, 0x0000000705c00000|
|  93|0x0000000705d00000, 0x0000000705d00000, 0x0000000705e00000|  0%| F|  |TS  0|AC  0|TAMS 0x0000000705d00000, 0x0000000705d00000|
|  94|0x0000000705e00000, 0x0000000705e00000, 0x0000000705f00000|  0%| F|  |TS  0|AC  0|TAMS 0x0000000705e00000, 0x0000000705e00000|
|  95|0x0000000705f00000, 0x0000000705f00000, 0x0000000706000000|  0%| F|  |TS  0|AC  0|TAMS 0x0000000705f00000, 0x0000000705f00000|
|  96|0x0000000706000000, 0x0000000706000000, 0x0000000706100000|  0%| F|  |TS  0|AC  0|TAMS 0x0000000706000000, 0x0000000706000000|
|  97|0x0000000706100000, 0x0000000706100000, 0x0000000706200000|  0%| F|  |TS  0|AC  0|TAMS 0x0000000706100000, 0x0000000706100000|
|  98|0x0000000706200000, 0x0000000706200000, 0x0000000706300000|  0%| F|  |TS  0|AC  0|TAMS 0x0000000706200000, 0x0000000706200000|
|  99|0x0000000706300000, 0x0000000706300000, 0x0000000706400000|  0%| F|  |TS  0|AC  0|TAMS 0x0000000706300000, 0x0000000706300000|
| 100|0x0000000706400000, 0x0000000706400000, 0x0000000706500000|  0%| F|  |TS  0|AC  0|TAMS 0x0000000706400000, 0x0000000706400000|
| 101|0x0000000706500000, 0x0000000706500000, 0x0000000706600000|  0%| F|  |TS  0|AC  0|TAMS 0x0000000706500000, 0x0000000706500000|
| 102|0x0000000706600000, 0x0000000706600000, 0x0000000706700000|  0%| F|  |TS  0|AC  0|TAMS 0x0000000706600000, 0x0000000706600000|
| 103|0x0000000706700000, 0x0000000706700000, 0x0000000706800000|  0%| F|  |TS  0|AC  0|TAMS 0x0000000706700000, 0x0000000706700000|
| 104|0x0000000706800000, 0x0000000706800000, 0x0000000706900000|  0%| F|  |TS  0|AC  0|TAMS 0x0000000706800000, 0x0000000706800000|
| 105|0x0000000706900000, 0x0000000706900000, 0x0000000706a00000|  0%| F|  |TS  0|AC  0|TAMS 0x0000000706900000, 0x0000000706900000|
| 106|0x0000000706a00000, 0x0000000706a00000, 0x0000000706b00000|  0%| F|  |TS  0|AC  0|TAMS 0x0000000706a00000, 0x0000000706a00000|
| 107|0x0000000706b00000, 0x0000000706b00000, 0x0000000706c00000|  0%| F|  |TS  0|AC  0|TAMS 0x0000000706b00000, 0x0000000706b00000|
| 108|0x0000000706c00000, 0x0000000706c00000, 0x0000000706d00000|  0%| F|  |TS  0|AC  0|TAMS 0x0000000706c00000, 0x0000000706c00000|
| 109|0x0000000706d00000, 0x0000000706d00000, 0x0000000706e00000|  0%| F|  |TS  0|AC  0|TAMS 0x0000000706d00000, 0x0000000706d00000|
| 110|0x0000000706e00000, 0x0000000706e00000, 0x0000000706f00000|  0%| F|  |TS  0|AC  0|TAMS 0x0000000706e00000, 0x0000000706e00000|
| 111|0x0000000706f00000, 0x0000000706f00000, 0x0000000707000000|  0%| F|  |TS  0|AC  0|TAMS 0x0000000706f00000, 0x0000000706f00000|
| 112|0x0000000707000000, 0x0000000707000000, 0x0000000707100000|  0%| F|  |TS  0|AC  0|TAMS 0x0000000707000000, 0x0000000707000000|
| 113|0x0000000707100000, 0x0000000707100000, 0x0000000707200000|  0%| F|  |TS  0|AC  0|TAMS 0x0000000707100000, 0x0000000707100000|
| 114|0x0000000707200000, 0x0000000707200000, 0x0000000707300000|  0%| F|  |TS  0|AC  0|TAMS 0x0000000707200000, 0x0000000707200000|
| 115|0x0000000707300000, 0x0000000707300000, 0x0000000707400000|  0%| F|  |TS  0|AC  0|TAMS 0x0000000707300000, 0x0000000707300000|
| 116|0x0000000707400000, 0x0000000707400000, 0x0000000707500000|  0%| F|  |TS  0|AC  0|TAMS 0x0000000707400000, 0x0000000707400000|
| 117|0x0000000707500000, 0x0000000707500000, 0x0000000707600000|  0%| F|  |TS  0|AC  0|TAMS 0x0000000707500000, 0x0000000707500000|
| 118|0x0000000707600000, 0x0000000707600000, 0x0000000707700000|  0%| F|  |TS  0|AC  0|TAMS 0x0000000707600000, 0x0000000707600000|
| 119|0x0000000707700000, 0x0000000707700000, 0x0000000707800000|  0%| F|  |TS  0|AC  0|TAMS 0x0000000707700000, 0x0000000707700000|
| 120|0x0000000707800000, 0x0000000707800000, 0x0000000707900000|  0%| F|  |TS  0|AC  0|TAMS 0x0000000707800000, 0x0000000707800000|
| 121|0x0000000707900000, 0x0000000707900000, 0x0000000707a00000|  0%| F|  |TS  0|AC  0|TAMS 0x0000000707900000, 0x0000000707900000|
| 122|0x0000000707a00000, 0x0000000707a00000, 0x0000000707b00000|  0%| F|  |TS  0|AC  0|TAMS 0x0000000707a00000, 0x0000000707a00000|
| 123|0x0000000707b00000, 0x0000000707b00000, 0x0000000707c00000|  0%| F|  |TS  0|AC  0|TAMS 0x0000000707b00000, 0x0000000707b00000|
| 124|0x0000000707c00000, 0x0000000707c00000, 0x0000000707d00000|  0%| F|  |TS  7|AC  0|TAMS 0x0000000707c00000, 0x0000000707c00000|
| 125|0x0000000707d00000, 0x0000000707d8a8f8, 0x0000000707e00000| 54%| S|CS|TS  7|AC  0|TAMS 0x0000000707d00000, 0x0000000707d00000|
| 126|0x0000000707e00000, 0x0000000707e00000, 0x0000000707f00000|  0%| F|  |TS  7|AC  0|TAMS 0x0000000707e00000, 0x0000000707e00000|
| 127|0x0000000707f00000, 0x0000000707f00000, 0x0000000708000000|  0%| F|  |TS  7|AC  0|TAMS 0x0000000707f00000, 0x0000000707f00000|
| 128|0x0000000708000000, 0x0000000708000000, 0x0000000708100000|  0%| F|  |TS  7|AC  0|TAMS 0x0000000708000000, 0x0000000708000000|
| 129|0x0000000708100000, 0x0000000708100000, 0x0000000708200000|  0%| F|  |TS  7|AC  0|TAMS 0x0000000708100000, 0x0000000708100000|
| 130|0x0000000708200000, 0x0000000708200000, 0x0000000708300000|  0%| F|  |TS  7|AC  0|TAMS 0x0000000708200000, 0x0000000708200000|
| 131|0x0000000708300000, 0x0000000708300000, 0x0000000708400000|  0%| F|  |TS  7|AC  0|TAMS 0x0000000708300000, 0x0000000708300000|
| 132|0x0000000708400000, 0x00000007084ae2a0, 0x0000000708500000| 68%| E|  |TS  7|AC  0|TAMS 0x0000000708400000, 0x0000000708400000|
| 133|0x0000000708500000, 0x0000000708600000, 0x0000000708600000|100%| E|CS|TS  7|AC  0|TAMS 0x0000000708500000, 0x0000000708500000|
| 134|0x0000000708600000, 0x0000000708700000, 0x0000000708700000|100%| E|CS|TS  7|AC  0|TAMS 0x0000000708600000, 0x0000000708600000|
| 135|0x0000000708700000, 0x0000000708800000, 0x0000000708800000|100%| E|CS|TS  7|AC  0|TAMS 0x0000000708700000, 0x0000000708700000|
| 136|0x0000000708800000, 0x0000000708900000, 0x0000000708900000|100%| E|CS|TS  7|AC  0|TAMS 0x0000000708800000, 0x0000000708800000|
| 137|0x0000000708900000, 0x0000000708a00000, 0x0000000708a00000|100%| E|CS|TS  7|AC  0|TAMS 0x0000000708900000, 0x0000000708900000|
| 138|0x0000000708a00000, 0x0000000708b00000, 0x0000000708b00000|100%| E|CS|TS  7|AC  0|TAMS 0x0000000708a00000, 0x0000000708a00000|
| 139|0x0000000708b00000, 0x0000000708c00000, 0x0000000708c00000|100%| E|CS|TS  7|AC  0|TAMS 0x0000000708b00000, 0x0000000708b00000|
| 140|0x0000000708c00000, 0x0000000708d00000, 0x0000000708d00000|100%| E|CS|TS  7|AC  0|TAMS 0x0000000708c00000, 0x0000000708c00000|
| 141|0x0000000708d00000, 0x0000000708e00000, 0x0000000708e00000|100%| E|CS|TS  7|AC  0|TAMS 0x0000000708d00000, 0x0000000708d00000|
| 142|0x0000000708e00000, 0x0000000708f00000, 0x0000000708f00000|100%| E|CS|TS  7|AC  0|TAMS 0x0000000708e00000, 0x0000000708e00000|
| 143|0x0000000708f00000, 0x0000000709000000, 0x0000000709000000|100%| E|CS|TS  7|AC  0|TAMS 0x0000000708f00000, 0x0000000708f00000|
| 144|0x0000000709000000, 0x0000000709100000, 0x0000000709100000|100%| E|CS|TS  7|AC  0|TAMS 0x0000000709000000, 0x0000000709000000|
| 145|0x0000000709100000, 0x0000000709200000, 0x0000000709200000|100%| E|CS|TS  7|AC  0|TAMS 0x0000000709100000, 0x0000000709100000|
| 146|0x0000000709200000, 0x0000000709300000, 0x0000000709300000|100%| E|CS|TS  7|AC  0|TAMS 0x0000000709200000, 0x0000000709200000|
| 147|0x0000000709300000, 0x0000000709400000, 0x0000000709400000|100%| E|CS|TS  7|AC  0|TAMS 0x0000000709300000, 0x0000000709300000|
| 148|0x0000000709400000, 0x0000000709500000, 0x0000000709500000|100%| E|CS|TS  7|AC  0|TAMS 0x0000000709400000, 0x0000000709400000|
| 149|0x0000000709500000, 0x0000000709600000, 0x0000000709600000|100%| E|CS|TS  7|AC  0|TAMS 0x0000000709500000, 0x0000000709500000|
| 150|0x0000000709600000, 0x0000000709700000, 0x0000000709700000|100%| E|CS|TS  7|AC  0|TAMS 0x0000000709600000, 0x0000000709600000|
| 151|0x0000000709700000, 0x0000000709800000, 0x0000000709800000|100%| E|CS|TS  7|AC  0|TAMS 0x0000000709700000, 0x0000000709700000|
| 152|0x0000000709800000, 0x0000000709900000, 0x0000000709900000|100%| E|CS|TS  7|AC  0|TAMS 0x0000000709800000, 0x0000000709800000|
| 153|0x0000000709900000, 0x0000000709a00000, 0x0000000709a00000|100%| E|CS|TS  7|AC  0|TAMS 0x0000000709900000, 0x0000000709900000|
| 154|0x0000000709a00000, 0x0000000709b00000, 0x0000000709b00000|100%| E|CS|TS  7|AC  0|TAMS 0x0000000709a00000, 0x0000000709a00000|
| 155|0x0000000709b00000, 0x0000000709c00000, 0x0000000709c00000|100%| E|CS|TS  7|AC  0|TAMS 0x0000000709b00000, 0x0000000709b00000|
| 156|0x0000000709c00000, 0x0000000709d00000, 0x0000000709d00000|100%| E|CS|TS  7|AC  0|TAMS 0x0000000709c00000, 0x0000000709c00000|
| 157|0x0000000709d00000, 0x0000000709e00000, 0x0000000709e00000|100%| E|CS|TS  7|AC  0|TAMS 0x0000000709d00000, 0x0000000709d00000|
| 158|0x0000000709e00000, 0x0000000709f00000, 0x0000000709f00000|100%| E|CS|TS  7|AC  0|TAMS 0x0000000709e00000, 0x0000000709e00000|
| 159|0x0000000709f00000, 0x000000070a000000, 0x000000070a000000|100%| E|CS|TS  7|AC  0|TAMS 0x0000000709f00000, 0x0000000709f00000|
| 160|0x000000070a000000, 0x000000070a100000, 0x000000070a100000|100%| E|CS|TS  7|AC  0|TAMS 0x000000070a000000, 0x000000070a000000|
| 161|0x000000070a100000, 0x000000070a200000, 0x000000070a200000|100%| E|CS|TS  7|AC  0|TAMS 0x000000070a100000, 0x000000070a100000|
| 162|0x000000070a200000, 0x000000070a300000, 0x000000070a300000|100%| E|CS|TS  7|AC  0|TAMS 0x000000070a200000, 0x000000070a200000|
| 163|0x000000070a300000, 0x000000070a400000, 0x000000070a400000|100%| E|CS|TS  7|AC  0|TAMS 0x000000070a300000, 0x000000070a300000|
| 164|0x000000070a400000, 0x000000070a500000, 0x000000070a500000|100%| E|CS|TS  7|AC  0|TAMS 0x000000070a400000, 0x000000070a400000|
| 165|0x000000070a500000, 0x000000070a600000, 0x000000070a600000|100%| E|CS|TS  7|AC  0|TAMS 0x000000070a500000, 0x000000070a500000|
| 166|0x000000070a600000, 0x000000070a700000, 0x000000070a700000|100%| E|CS|TS  7|AC  0|TAMS 0x000000070a600000, 0x000000070a600000|
| 167|0x000000070a700000, 0x000000070a800000, 0x000000070a800000|100%| E|CS|TS  7|AC  0|TAMS 0x000000070a700000, 0x000000070a700000|
| 168|0x000000070a800000, 0x000000070a900000, 0x000000070a900000|100%| E|CS|TS  7|AC  0|TAMS 0x000000070a800000, 0x000000070a800000|
| 169|0x000000070a900000, 0x000000070aa00000, 0x000000070aa00000|100%| E|CS|TS  7|AC  0|TAMS 0x000000070a900000, 0x000000070a900000|
| 170|0x000000070aa00000, 0x000000070ab00000, 0x000000070ab00000|100%| E|CS|TS  7|AC  0|TAMS 0x000000070aa00000, 0x000000070aa00000|
| 171|0x000000070ab00000, 0x000000070ac00000, 0x000000070ac00000|100%| E|CS|TS  7|AC  0|TAMS 0x000000070ab00000, 0x000000070ab00000|
| 172|0x000000070ac00000, 0x000000070ad00000, 0x000000070ad00000|100%| E|CS|TS  7|AC  0|TAMS 0x000000070ac00000, 0x000000070ac00000|
| 173|0x000000070ad00000, 0x000000070ae00000, 0x000000070ae00000|100%| E|CS|TS  7|AC  0|TAMS 0x000000070ad00000, 0x000000070ad00000|
| 174|0x000000070ae00000, 0x000000070af00000, 0x000000070af00000|100%| E|CS|TS  7|AC  0|TAMS 0x000000070ae00000, 0x000000070ae00000|
| 175|0x000000070af00000, 0x000000070b000000, 0x000000070b000000|100%| E|CS|TS  7|AC  0|TAMS 0x000000070af00000, 0x000000070af00000|
| 176|0x000000070b000000, 0x000000070b100000, 0x000000070b100000|100%| E|CS|TS  7|AC  0|TAMS 0x000000070b000000, 0x000000070b000000|
| 177|0x000000070b100000, 0x000000070b200000, 0x000000070b200000|100%| E|CS|TS  7|AC  0|TAMS 0x000000070b100000, 0x000000070b100000|
| 178|0x000000070b200000, 0x000000070b300000, 0x000000070b300000|100%| E|CS|TS  7|AC  0|TAMS 0x000000070b200000, 0x000000070b200000|
| 179|0x000000070b300000, 0x000000070b400000, 0x000000070b400000|100%| E|CS|TS  7|AC  0|TAMS 0x000000070b300000, 0x000000070b300000|
| 180|0x000000070b400000, 0x000000070b500000, 0x000000070b500000|100%| E|CS|TS  7|AC  0|TAMS 0x000000070b400000, 0x000000070b400000|
| 181|0x000000070b500000, 0x000000070b600000, 0x000000070b600000|100%| E|CS|TS  7|AC  0|TAMS 0x000000070b500000, 0x000000070b500000|
| 182|0x000000070b600000, 0x000000070b700000, 0x000000070b700000|100%| E|CS|TS  7|AC  0|TAMS 0x000000070b600000, 0x000000070b600000|
| 183|0x000000070b700000, 0x000000070b800000, 0x000000070b800000|100%| E|CS|TS  7|AC  0|TAMS 0x000000070b700000, 0x000000070b700000|
| 184|0x000000070b800000, 0x000000070b900000, 0x000000070b900000|100%| E|CS|TS  7|AC  0|TAMS 0x000000070b800000, 0x000000070b800000|

Card table byte_map: [0x00000272d2ca0000,0x00000272d32a0000] byte_map_base: 0x00000272cf4a0000

Marking Bits (Prev, Next): (CMBitMap*) 0x00000272b9f420c0, (CMBitMap*) 0x00000272b9f420f8
 Prev Bits: [0x00000272d38a0000, 0x00000272d68a0000)
 Next Bits: [0x00000272d68a0000, 0x00000272d98a0000)

Polling page: 0x00000272b24a0000

CodeHeap 'non-profiled nmethods': size=120000Kb used=18047Kb max_used=18444Kb free=101952Kb
 bounds [0x00000272cb770000, 0x00000272cc980000, 0x00000272d2ca0000]
CodeHeap 'profiled nmethods': size=120000Kb used=39264Kb max_used=40477Kb free=80735Kb
 bounds [0x00000272c4240000, 0x00000272c6a00000, 0x00000272cb770000]
CodeHeap 'non-nmethods': size=5760Kb used=1777Kb max_used=1846Kb free=3982Kb
 bounds [0x00000272c3ca0000, 0x00000272c3f10000, 0x00000272c4240000]
 total_blobs=27536 nmethods=15491 adapters=1100
 compilation: enabled

Compilation events (10 events):
Event: 523.066 Thread 0x00000272b7242800 18969   !   3       java.io.PrintWriter::newLine (65 bytes)
Event: 523.066 Thread 0x00000272b7242800 nmethod 18969 0x00000272c50f2a90 code [0x00000272c50f2cc0, 0x00000272c50f34c0]
Event: 523.066 Thread 0x00000272b7242800 18965       3       java.io.StringWriter::write (14 bytes)
Event: 523.066 Thread 0x00000272b7242800 nmethod 18965 0x00000272c5056e90 code [0x00000272c5057060, 0x00000272c50574b0]
Event: 523.066 Thread 0x00000272b7242800 18966       3       java.lang.StackTraceElement::toString (322 bytes)
Event: 523.069 Thread 0x00000272b7242800 nmethod 18966 0x00000272c5dc8490 code [0x00000272c5dc8be0, 0x00000272c5dcdcc0]
Event: 523.069 Thread 0x00000272b7242800 18967       3       java.lang.StackTraceElement::dropClassLoaderName (16 bytes)
Event: 523.069 Thread 0x00000272b7242800 nmethod 18967 0x00000272c4c3bb90 code [0x00000272c4c3bd40, 0x00000272c4c3bef8]
Event: 523.069 Thread 0x00000272b7242800 18968       3       java.lang.StackTraceElement::isNativeMethod (15 bytes)
Event: 523.069 Thread 0x00000272b7242800 nmethod 18968 0x00000272c4d43490 code [0x00000272c4d43640, 0x00000272c4d437f8]

GC Heap History (10 events):
Event: 508.946 GC heap before
{Heap before GC invocations=98 (full 11):
 garbage-first heap   total 189440K, used 70597K [0x0000000700000000, 0x00000007001005c8, 0x00000007c0000000)
  region size 1024K, 3 young (3072K), 1 survivors (1024K)
 Metaspace       used 80732K, capacity 86912K, committed 87120K, reserved 1124352K
  class space    used 11233K, capacity 12306K, committed 12412K, reserved 1048576K
}
Event: 509.078 GC heap after
{Heap after GC invocations=99 (full 12):
 garbage-first heap   total 189440K, used 65401K [0x0000000700000000, 0x00000007001005c8, 0x00000007c0000000)
  region size 1024K, 0 young (0K), 0 survivors (0K)
 Metaspace       used 80732K, capacity 86912K, committed 87120K, reserved 1124352K
  class space    used 11233K, capacity 12306K, committed 12412K, reserved 1048576K
}
Event: 512.189 GC heap before
{Heap before GC invocations=99 (full 12):
 garbage-first heap   total 189440K, used 126841K [0x0000000700000000, 0x00000007001005c8, 0x00000007c0000000)
  region size 1024K, 60 young (61440K), 0 survivors (0K)
 Metaspace       used 80757K, capacity 86916K, committed 87120K, reserved 1124352K
  class space    used 11233K, capacity 12306K, committed 12412K, reserved 1048576K
}
Event: 512.191 GC heap after
{Heap after GC invocations=100 (full 12):
 garbage-first heap   total 189440K, used 65477K [0x0000000700000000, 0x00000007001005c8, 0x00000007c0000000)
  region size 1024K, 1 young (1024K), 1 survivors (1024K)
 Metaspace       used 80757K, capacity 86916K, committed 87120K, reserved 1124352K
  class space    used 11233K, capacity 12306K, committed 12412K, reserved 1048576K
}
Event: 514.082 GC heap before
{Heap before GC invocations=100 (full 12):
 garbage-first heap   total 189440K, used 125893K [0x0000000700000000, 0x00000007001005c8, 0x00000007c0000000)
  region size 1024K, 60 young (61440K), 1 survivors (1024K)
 Metaspace       used 80765K, capacity 86916K, committed 87120K, reserved 1124352K
  class space    used 11233K, capacity 12306K, committed 12412K, reserved 1048576K
}
Event: 514.084 GC heap after
{Heap after GC invocations=101 (full 12):
 garbage-first heap   total 189440K, used 65456K [0x0000000700000000, 0x00000007001005c8, 0x00000007c0000000)
  region size 1024K, 1 young (1024K), 1 survivors (1024K)
 Metaspace       used 80765K, capacity 86916K, committed 87120K, reserved 1124352K
  class space    used 11233K, capacity 12306K, committed 12412K, reserved 1048576K
}
Event: 515.129 GC heap before
{Heap before GC invocations=101 (full 12):
 garbage-first heap   total 189440K, used 125872K [0x0000000700000000, 0x00000007001005c8, 0x00000007c0000000)
  region size 1024K, 60 young (61440K), 1 survivors (1024K)
 Metaspace       used 80837K, capacity 86980K, committed 87376K, reserved 1124352K
  class space    used 11233K, capacity 12306K, committed 12412K, reserved 1048576K
}
Event: 515.130 GC heap after
{Heap after GC invocations=102 (full 12):
 garbage-first heap   total 189440K, used 65620K [0x0000000700000000, 0x00000007001005c8, 0x00000007c0000000)
  region size 1024K, 1 young (1024K), 1 survivors (1024K)
 Metaspace       used 80837K, capacity 86980K, committed 87376K, reserved 1124352K
  class space    used 11233K, capacity 12306K, committed 12412K, reserved 1048576K
}
Event: 517.243 GC heap before
{Heap before GC invocations=102 (full 12):
 garbage-first heap   total 189440K, used 126036K [0x0000000700000000, 0x00000007001005c8, 0x00000007c0000000)
  region size 1024K, 60 young (61440K), 1 survivors (1024K)
 Metaspace       used 80862K, capacity 87044K, committed 87376K, reserved 1124352K
  class space    used 11233K, capacity 12306K, committed 12412K, reserved 1048576K
}
Event: 517.245 GC heap after
{Heap after GC invocations=103 (full 12):
 garbage-first heap   total 189440K, used 65955K [0x0000000700000000, 0x00000007001005c8, 0x00000007c0000000)
  region size 1024K, 1 young (1024K), 1 survivors (1024K)
 Metaspace       used 80862K, capacity 87044K, committed 87376K, reserved 1124352K
  class space    used 11233K, capacity 12306K, committed 12412K, reserved 1048576K
}

Deoptimization events (10 events):
Event: 522.013 Thread 0x00000272ddaa6800 Uncommon trap: reason=bimorphic_or_optimized_type_check action=maybe_recompile pc=0x00000272cc041aa4 method=java.awt.DefaultKeyboardFocusManager.dispatchEvent(Ljava/awt/AWTEvent;)Z @ 470 c2
Event: 522.024 Thread 0x00000272ddaa6800 Uncommon trap: reason=range_check action=reinterpret pc=0x00000272cc0b4e24 method=com.jidesoft.grid.DefaultTableModelWrapper.getActualRowAt(I)I @ 18 c2
Event: 522.024 Thread 0x00000272ddaa6800 Uncommon trap: reason=unstable_if action=reinterpret pc=0x00000272cc306228 method=com.jidesoft.grid.TreeTableModel.getRowAt(I)Lcom/jidesoft/grid/Row; @ 7 c2
Event: 522.024 Thread 0x00000272ddaa6800 Uncommon trap: reason=unstable_if action=reinterpret pc=0x00000272cc343f48 method=com.jidesoft.grid.CellSpanTable.getCellRect(IIZ)Ljava/awt/Rectangle; @ 33 c2
Event: 522.024 Thread 0x00000272ddaa6800 Uncommon trap: reason=unstable_if action=reinterpret pc=0x00000272cc391a18 method=com.jidesoft.grid.JideTable.getCellRect(IIZ)Ljava/awt/Rectangle; @ 206 c2
Event: 522.417 Thread 0x00000272ddaa6800 Uncommon trap: reason=unstable_if action=reinterpret pc=0x00000272cc567e44 method=sun.java2d.SunGraphics2D.drawImage(Ljava/awt/Image;IIIILjava/awt/Color;Ljava/awt/image/ImageObserver;)Z @ 82 c2
Event: 522.417 Thread 0x00000272ddaa6800 Uncommon trap: reason=unstable_if action=reinterpret pc=0x00000272cc478c94 method=sun.java2d.pipe.DrawImage.scaleSurfaceData(Lsun/java2d/SunGraphics2D;Lsun/java2d/pipe/Region;Lsun/java2d/SurfaceData;Lsun/java2d/SurfaceData;Lsun/java2d/loops/SurfaceType;Ls
Event: 522.417 Thread 0x00000272ddaa6800 Uncommon trap: reason=unstable_if action=reinterpret pc=0x00000272cc47a1f4 method=sun.java2d.loops.ScaledBlit.getFromCache(Lsun/java2d/loops/SurfaceType;Lsun/java2d/loops/CompositeType;Lsun/java2d/loops/SurfaceType;)Lsun/java2d/loops/ScaledBlit; @ 29 c2
Event: 522.448 Thread 0x00000272ddaa6800 Uncommon trap: reason=unstable_if action=reinterpret pc=0x00000272cc7e618c method=com.jidesoft.swing.FastGradientPainter.drawGradient(Ljava/awt/Graphics2D;Ljava/awt/Shape;Ljava/awt/Color;Ljava/awt/Color;Z)V @ 76 c2
Event: 523.066 Thread 0x00000272ddaa6800 Uncommon trap: reason=unstable_if action=reinterpret pc=0x00000272cbb41744 method=java.lang.Throwable.getOurStackTrace()[Ljava/lang/StackTraceElement; @ 7 c2

Classes redefined (0 events):
No events

Internal exceptions (10 events):
Event: 196.658 Thread 0x00000272ddaa6800 Exception <a 'java/lang/NoSuchMethodError'{0x0000000708418880}: java.lang.invoke.DelegatingMethodHandle$Holder.reinvoke_L(Ljava/lang/Object;IILjava/lang/Object;Ljava/lang/Object;I)Ljava/lang/Object;> (0x0000000708418880) thrown at [t:/workspace/hotspot/sr
Event: 389.091 Thread 0x00000272ddaa6800 Exception <a 'java/lang/NoSuchMethodError'{0x000000070a5c3aa0}: java.lang.invoke.DirectMethodHandle$Holder.invokeStatic(Ljava/lang/Object;Ljava/lang/Object;I)V> (0x000000070a5c3aa0) thrown at [t:/workspace/hotspot/src/share/vm/interpreter/linkResolver.cpp
Event: 390.275 Thread 0x00000272b6c75800 Implicit null exception at 0x00000272cc762130 to 0x00000272cc764c2d
Event: 390.275 Thread 0x00000272b6c77800 Implicit null exception at 0x00000272cc762130 to 0x00000272cc764c2d
Event: 390.275 Thread 0x00000272b6c77000 Implicit null exception at 0x00000272cc762130 to 0x00000272cc764c2d
Event: 520.718 Thread 0x00000272ddaa6800 Implicit null exception at 0x00000272cc92fba0 to 0x00000272cc932ba1
Event: 520.718 Thread 0x00000272ddaa6800 Implicit null exception at 0x00000272cc8e9056 to 0x00000272cc8eaaa1
Event: 520.732 Thread 0x00000272ddaa6800 Implicit null exception at 0x00000272cc8ed08a to 0x00000272cc8ee35d
Event: 521.970 Thread 0x00000272e9891000 Exception <a 'java/lang/InterruptedException'{0x0000000709450270}: sleep interrupted> (0x0000000709450270) thrown at [t:/workspace/hotspot/src/share/vm/prims/jvm.cpp, line 3023]
Event: 523.064 Thread 0x00000272ddaa6800 Exception <a 'ui/frmwork/CommandFailedException'{0x0000000708418540}: Unknown exception occurred> (0x0000000708418540) thrown at [t:/workspace/hotspot/src/share/vm/prims/jni.cpp, line 625]

Events (10 events):
Event: 523.064 loading class ui/frmwork/CommandFailedException done
Event: 523.065 loading class java/lang/IndexOutOfBoundsException
Event: 523.065 loading class java/lang/IndexOutOfBoundsException done
Event: 523.065 loading class java/awt/IllegalComponentStateException
Event: 523.065 loading class java/awt/IllegalComponentStateException done
Event: 523.065 loading class java/util/NoSuchElementException
Event: 523.065 loading class java/util/NoSuchElementException done
Event: 523.066 Thread 0x00000272ddaa6800 Uncommon trap: trap_request=0xffffff5d fr.pc=0x00000272cbb41744 relative=0x0000000000000764
Event: 523.066 Thread 0x00000272ddaa6800 DEOPT PACKING pc=0x00000272cbb41744 sp=0x000000aae32f4e40
Event: 523.066 Thread 0x00000272ddaa6800 DEOPT UNPACKING pc=0x00000272c3cedf29 sp=0x000000aae32f4e38 mode 2


Dynamic libraries:
0x00007ff7392d0000 - 0x00007ff739300000 	E:\UNIVERSITY\chengxu\vivado2018\Vivado\2018.3\bin\unwrapped\win64.o\vivado.exe
0x00007ff9937a0000 - 0x00007ff993990000 	C:\WINDOWS\SYSTEM32\ntdll.dll
0x00007ff993010000 - 0x00007ff9930c2000 	C:\WINDOWS\System32\KERNEL32.DLL
0x00007ff9911d0000 - 0x00007ff991474000 	C:\WINDOWS\System32\KERNELBASE.dll
0x00007ff991600000 - 0x00007ff9916fa000 	C:\WINDOWS\System32\ucrtbase.dll
0x00007ff98d1c0000 - 0x00007ff98d25b000 	C:\WINDOWS\SYSTEM32\MSVCP140.dll
0x00007ff989c50000 - 0x00007ff989c64000 	E:\UNIVERSITY\chengxu\vivado2018\Vivado\2018.3\lib\win64.o\libboost_signals.dll
0x00007ff989c30000 - 0x00007ff989c44000 	E:\UNIVERSITY\chengxu\vivado2018\Vivado\2018.3\lib\win64.o\librdi_commonmain.dll
0x00007ff93fe00000 - 0x00007ff940c94000 	E:\UNIVERSITY\chengxu\vivado2018\Vivado\2018.3\lib\win64.o\librdi_common.dll
0x00007ff98d260000 - 0x00007ff98d275000 	C:\WINDOWS\SYSTEM32\VCRUNTIME140.dll
0x00007ff9935b0000 - 0x00007ff993744000 	C:\WINDOWS\System32\USER32.dll
0x00007ff991500000 - 0x00007ff991521000 	C:\WINDOWS\System32\win32u.dll
0x00007ff991b80000 - 0x00007ff991ba6000 	C:\WINDOWS\System32\GDI32.dll
0x00007ff987870000 - 0x00007ff987896000 	E:\UNIVERSITY\chengxu\vivado2018\Vivado\2018.3\lib\win64.o\libboost_filesystem.dll
0x00007ff990720000 - 0x00007ff9908b6000 	C:\WINDOWS\System32\gdi32full.dll
0x00007ff991f40000 - 0x00007ff991fe3000 	C:\WINDOWS\System32\ADVAPI32.dll
0x00007ff9908f0000 - 0x00007ff99098e000 	C:\WINDOWS\System32\msvcp_win.dll
0x00007ff98a1b0000 - 0x00007ff98a1ba000 	E:\UNIVERSITY\chengxu\vivado2018\Vivado\2018.3\lib\win64.o\librdi_commonversion.dll
0x00007ff992f00000 - 0x00007ff992f9e000 	C:\WINDOWS\System32\msvcrt.dll
0x00007ff991c40000 - 0x00007ff991cd7000 	C:\WINDOWS\System32\sechost.dll
0x00007ff97bea0000 - 0x00007ff97bfc1000 	E:\UNIVERSITY\chengxu\vivado2018\Vivado\2018.3\lib\win64.o\librdi_commonxillic.dll
0x00007ff992650000 - 0x00007ff992d36000 	C:\WINDOWS\System32\SHELL32.dll
0x00007ff991850000 - 0x00007ff991970000 	C:\WINDOWS\System32\RPCRT4.dll
0x00007ff991590000 - 0x00007ff9915da000 	C:\WINDOWS\System32\cfgmgr32.dll
0x0000000059730000 - 0x000000005985b000 	E:\UNIVERSITY\chengxu\vivado2018\Vivado\2018.3\lib\win64.o\tcl85t.dll
0x00007ff9930d0000 - 0x00007ff99313f000 	C:\WINDOWS\System32\WS2_32.dll
0x00007ff992100000 - 0x00007ff9921a9000 	C:\WINDOWS\System32\shcore.dll
0x00007ff992280000 - 0x00007ff9925b5000 	C:\WINDOWS\System32\combase.dll
0x00007ff97b690000 - 0x00007ff97b9fe000 	E:\UNIVERSITY\chengxu\vivado2018\Vivado\2018.3\lib\win64.o\libCOIN-all.dll
0x00007ff979ee0000 - 0x00007ff97a195000 	E:\UNIVERSITY\chengxu\vivado2018\Vivado\2018.3\lib\win64.o\libXil_lmgr11.dll
0x00007ff991480000 - 0x00007ff991500000 	C:\WINDOWS\System32\bcryptPrimitives.dll
0x00007ff991ab0000 - 0x00007ff991b80000 	C:\WINDOWS\System32\COMDLG32.dll
0x00007ff990990000 - 0x00007ff991112000 	C:\WINDOWS\System32\windows.storage.dll
0x00007ff987820000 - 0x00007ff987834000 	E:\UNIVERSITY\chengxu\vivado2018\Vivado\2018.3\lib\win64.o\libboost_date_time.dll
0x00007ff9925f0000 - 0x00007ff992642000 	C:\WINDOWS\System32\SHLWAPI.dll
0x00007ff990680000 - 0x00007ff9906a3000 	C:\WINDOWS\System32\profapi.dll
0x00007ff97be20000 - 0x00007ff97be9f000 	E:\UNIVERSITY\chengxu\vivado2018\Vivado\2018.3\lib\win64.o\libboost_program_options.dll
0x00007ff9921b0000 - 0x00007ff992275000 	C:\WINDOWS\System32\OLEAUT32.dll
0x00007ff9906d0000 - 0x00007ff99071a000 	C:\WINDOWS\System32\powrprof.dll
0x00007ff992d40000 - 0x00007ff992e97000 	C:\WINDOWS\System32\ole32.dll
0x00007ff97bd00000 - 0x00007ff97be14000 	E:\UNIVERSITY\chengxu\vivado2018\Vivado\2018.3\lib\win64.o\libboost_regex.dll
0x00007ff990650000 - 0x00007ff990660000 	C:\WINDOWS\System32\UMPDC.dll
0x00007ff991530000 - 0x00007ff99158c000 	C:\WINDOWS\System32\WINTRUST.dll
0x00007ff98a140000 - 0x00007ff98a14b000 	E:\UNIVERSITY\chengxu\vivado2018\Vivado\2018.3\lib\win64.o\libboost_system.dll
0x00007ff9906b0000 - 0x00007ff9906c1000 	C:\WINDOWS\System32\kernel.appcore.dll
0x00007ff990660000 - 0x00007ff990672000 	C:\WINDOWS\System32\MSASN1.dll
0x00007ff991700000 - 0x00007ff991849000 	C:\WINDOWS\System32\CRYPT32.dll
0x00007ff9915e0000 - 0x00007ff9915f7000 	C:\WINDOWS\System32\cryptsp.dll
0x00007ff97f470000 - 0x00007ff97f491000 	E:\UNIVERSITY\chengxu\vivado2018\Vivado\2018.3\lib\win64.o\libboost_thread.dll
0x00007ff989c20000 - 0x00007ff989c2f000 	E:\UNIVERSITY\chengxu\vivado2018\Vivado\2018.3\lib\win64.o\libboost_xilinx.dll
0x00007ff97bc50000 - 0x00007ff97bcf5000 	E:\UNIVERSITY\chengxu\vivado2018\Vivado\2018.3\lib\win64.o\libhdxml.dll
0x00007ff97f410000 - 0x00007ff97f43e000 	E:\UNIVERSITY\chengxu\vivado2018\Vivado\2018.3\lib\win64.o\libisl_sysinfo.dll
0x00007ff97b600000 - 0x00007ff97b682000 	E:\UNIVERSITY\chengxu\vivado2018\Vivado\2018.3\lib\win64.o\libhdlpsolve.dll
0x00007ff93f5b0000 - 0x00007ff93fdfe600 	E:\UNIVERSITY\chengxu\vivado2018\Vivado\2018.3\lib\win64.o\libisl_iostreams.dll
0x00007ff97b590000 - 0x00007ff97b5f5000 	E:\UNIVERSITY\chengxu\vivado2018\Vivado\2018.3\lib\win64.o\liblmx6.0.dll
0x00007ff97f450000 - 0x00007ff97f46a000 	E:\UNIVERSITY\chengxu\vivado2018\Vivado\2018.3\lib\win64.o\pthreadVC2.dll
0x00007ff97bc30000 - 0x00007ff97bc4c000 	E:\UNIVERSITY\chengxu\vivado2018\Vivado\2018.3\lib\win64.o\librdiconfig.dll
0x00007ff979eb0000 - 0x00007ff979ed1000 	E:\UNIVERSITY\chengxu\vivado2018\Vivado\2018.3\lib\win64.o\librdizlib.dll
0x0000000012000000 - 0x0000000012272000 	E:\UNIVERSITY\chengxu\vivado2018\Vivado\2018.3\lib\win64.o\xerces-c_3_1.dll
0x00007ff9847b0000 - 0x00007ff9847c7000 	C:\WINDOWS\SYSTEM32\NETAPI32.dll
0x00007ff97da40000 - 0x00007ff97df15000 	C:\WINDOWS\SYSTEM32\WININET.dll
0x00007ff989440000 - 0x00007ff989530000 	C:\WINDOWS\SYSTEM32\WINHTTP.dll
0x00007ff97fb20000 - 0x00007ff97fcf6000 	C:\WINDOWS\SYSTEM32\urlmon.dll
0x00007ff964710000 - 0x00007ff9647b9000 	C:\WINDOWS\WinSxS\amd64_microsoft.windows.common-controls_6595b64144ccf1df_5.82.18362.959_none_2a27bd024669d2fe\COMCTL32.dll
0x00007ff9847f0000 - 0x00007ff9847f9000 	C:\WINDOWS\SYSTEM32\WSOCK32.dll
0x00007ff98a3f0000 - 0x00007ff98a40c000 	C:\WINDOWS\SYSTEM32\dhcpcsvc.DLL
0x00007ff993750000 - 0x00007ff993758000 	C:\WINDOWS\System32\NSI.dll
0x00007ff979e80000 - 0x00007ff979eae000 	C:\WINDOWS\SYSTEM32\VCOMP140.DLL
0x00007ff93e710000 - 0x00007ff93f5a1000 	E:\UNIVERSITY\chengxu\vivado2018\Vivado\2018.3\lib\win64.o\gurobi65.dll
0x00007ff989a40000 - 0x00007ff989a4d000 	E:\UNIVERSITY\chengxu\vivado2018\Vivado\2018.3\lib\win64.o\libboost_chrono.dll
0x00007ff979e60000 - 0x00007ff979e7b000 	E:\UNIVERSITY\chengxu\vivado2018\Vivado\2018.3\lib\win64.o\libboost_iostreams.dll
0x00007ff979e30000 - 0x00007ff979e55000 	E:\UNIVERSITY\chengxu\vivado2018\Vivado\2018.3\lib\win64.o\libisl_iosutils.dll
0x00007ff97f080000 - 0x00007ff97f326000 	C:\WINDOWS\SYSTEM32\iertutil.dll
0x00007ff990030000 - 0x00007ff99003c000 	C:\WINDOWS\SYSTEM32\CRYPTBASE.DLL
0x00007ff98fc80000 - 0x00007ff98fc8c000 	C:\WINDOWS\SYSTEM32\NETUTILS.DLL
0x00007ff9925c0000 - 0x00007ff9925ee000 	C:\WINDOWS\System32\IMM32.DLL
0x00007ff94a4f0000 - 0x00007ff94a9e5000 	E:\UNIVERSITY\chengxu\vivado2018\Vivado\2018.3\lib\win64.o\librdi_commontasks.dll
0x00007ff98aad0000 - 0x00007ff98aada000 	C:\WINDOWS\SYSTEM32\VERSION.dll
0x00007ff961af0000 - 0x00007ff961d6f000 	E:\UNIVERSITY\chengxu\vivado2018\Vivado\2018.3\lib\win64.o\librdi_sio.dll
0x0000000058d00000 - 0x0000000059725000 	E:\UNIVERSITY\chengxu\vivado2018\Vivado\2018.3\tps\win64\jre9.0.4\bin\server\jvm.dll
0x00007ff9920d0000 - 0x00007ff9920d8000 	C:\WINDOWS\System32\PSAPI.DLL
0x00007ff98fb70000 - 0x00007ff98fbaa000 	C:\WINDOWS\SYSTEM32\IPHLPAPI.DLL
0x00007ff98bf40000 - 0x00007ff98bf64000 	C:\WINDOWS\SYSTEM32\WINMM.dll
0x00007ff966fb0000 - 0x00007ff96709f000 	C:\WINDOWS\SYSTEM32\MSVCR120.dll
0x00007ff98bec0000 - 0x00007ff98beed000 	C:\WINDOWS\SYSTEM32\WINMMBASE.dll
0x00007ff98fe60000 - 0x00007ff98fec7000 	C:\WINDOWS\SYSTEM32\MSWSOCK.DLL
0x00007ff93c340000 - 0x00007ff93e702000 	E:\UNIVERSITY\chengxu\vivado2018\Vivado\2018.3\lib\win64.o\librdi_tcltasks.dll
0x00007ff964480000 - 0x00007ff9645fe000 	E:\UNIVERSITY\chengxu\vivado2018\Vivado\2018.3\lib\win64.o\librdi_board.dll
0x00007ff947d00000 - 0x00007ff9480dc000 	E:\UNIVERSITY\chengxu\vivado2018\Vivado\2018.3\lib\win64.o\librdi_bitstream.dll
0x00007ff96e620000 - 0x00007ff96e68a000 	E:\UNIVERSITY\chengxu\vivado2018\Vivado\2018.3\lib\win64.o\librdi_boarddep.dll
0x00007ff962420000 - 0x00007ff9624fc000 	E:\UNIVERSITY\chengxu\vivado2018\Vivado\2018.3\lib\win64.o\librdi_chipscope.dll
0x00007ff947b40000 - 0x00007ff947cf9000 	E:\UNIVERSITY\chengxu\vivado2018\Vivado\2018.3\lib\win64.o\librdi_chipscopeimpl.dll
0x00007ff9619a0000 - 0x00007ff961ae8000 	E:\UNIVERSITY\chengxu\vivado2018\Vivado\2018.3\lib\win64.o\librdi_containers.dll
0x00007ff93aa30000 - 0x00007ff93c335000 	E:\UNIVERSITY\chengxu\vivado2018\Vivado\2018.3\lib\win64.o\librdi_constraints.dll
0x00007ff938c10000 - 0x00007ff93aa2f000 	E:\UNIVERSITY\chengxu\vivado2018\Vivado\2018.3\lib\win64.o\librdi_coregen.dll
0x00007ff938530000 - 0x00007ff938c0a000 	E:\UNIVERSITY\chengxu\vivado2018\Vivado\2018.3\lib\win64.o\librdi_coregenipxact.dll
0x00007ff947350000 - 0x00007ff94766b000 	E:\UNIVERSITY\chengxu\vivado2018\Vivado\2018.3\lib\win64.o\librdi_dlyest.dll
0x00007ff932650000 - 0x00007ff93644b000 	E:\UNIVERSITY\chengxu\vivado2018\Vivado\2018.3\lib\win64.o\librdi_designutils.dll
0x00007ff937fd0000 - 0x00007ff938530000 	E:\UNIVERSITY\chengxu\vivado2018\Vivado\2018.3\lib\win64.o\librdi_drc.dll
0x00007ff962350000 - 0x00007ff962412000 	E:\UNIVERSITY\chengxu\vivado2018\Vivado\2018.3\lib\win64.o\librdi_dsp.dll
0x00007ff937990000 - 0x00007ff937fcf000 	E:\UNIVERSITY\chengxu\vivado2018\Vivado\2018.3\lib\win64.o\librdi_filemgmt.dll
0x00007ff979d60000 - 0x00007ff979dbd000 	E:\UNIVERSITY\chengxu\vivado2018\Vivado\2018.3\lib\win64.o\librdi_hdf.dll
0x00007ff947070000 - 0x00007ff94734a000 	E:\UNIVERSITY\chengxu\vivado2018\Vivado\2018.3\lib\win64.o\librdi_guitools.dll
0x00007ff96de20000 - 0x00007ff96de91000 	E:\UNIVERSITY\chengxu\vivado2018\Vivado\2018.3\lib\win64.o\librdi_memoryarray.dll
0x00007ff920550000 - 0x00007ff9218e1000 	E:\UNIVERSITY\chengxu\vivado2018\Vivado\2018.3\lib\win64.o\librdi_implflow.dll
0x00007ff937370000 - 0x00007ff937985000 	E:\UNIVERSITY\chengxu\vivado2018\Vivado\2018.3\lib\win64.o\librdi_memdata.dll
0x00007ff96e7c0000 - 0x00007ff96e810000 	E:\UNIVERSITY\chengxu\vivado2018\Vivado\2018.3\lib\win64.o\librdi_pfi.dll
0x00007ff91c560000 - 0x00007ff91cb9b000 	E:\UNIVERSITY\chengxu\vivado2018\Vivado\2018.3\lib\win64.o\librdi_netlist.dll
0x00007ff9218f0000 - 0x00007ff932642000 	E:\UNIVERSITY\chengxu\vivado2018\Vivado\2018.3\lib\win64.o\librdi_device.dll
0x00007ff91a040000 - 0x00007ff91c554000 	E:\UNIVERSITY\chengxu\vivado2018\Vivado\2018.3\lib\win64.o\librdi_place.dll
0x00007ff919d30000 - 0x00007ff91a037000 	E:\UNIVERSITY\chengxu\vivado2018\Vivado\2018.3\lib\win64.o\librdi_platform.dll
0x00007ff919630000 - 0x00007ff919d25000 	E:\UNIVERSITY\chengxu\vivado2018\Vivado\2018.3\lib\win64.o\librdi_power.dll
0x00007ff9190d0000 - 0x00007ff919626000 	E:\UNIVERSITY\chengxu\vivado2018\Vivado\2018.3\lib\win64.o\librdi_project.dll
0x00007ff9189d0000 - 0x00007ff9190c3000 	E:\UNIVERSITY\chengxu\vivado2018\Vivado\2018.3\lib\win64.o\librdi_psta.dll
0x00007ff9182f0000 - 0x00007ff9189c9000 	E:\UNIVERSITY\chengxu\vivado2018\Vivado\2018.3\lib\win64.o\librdi_rsb.dll
0x00007ff917f10000 - 0x00007ff9182e7000 	E:\UNIVERSITY\chengxu\vivado2018\Vivado\2018.3\lib\win64.o\librdi_runs.dll
0x00007ff9620c0000 - 0x00007ff962198000 	E:\UNIVERSITY\chengxu\vivado2018\Vivado\2018.3\lib\win64.o\librdi_runsbase.dll
0x00007ff945100000 - 0x00007ff945328000 	E:\UNIVERSITY\chengxu\vivado2018\Vivado\2018.3\lib\win64.o\librdi_simdata.dll
0x00007ff917180000 - 0x00007ff917f0d000 	E:\UNIVERSITY\chengxu\vivado2018\Vivado\2018.3\lib\win64.o\librdi_timing.dll
0x00007ff949e80000 - 0x00007ff949fd4000 	E:\UNIVERSITY\chengxu\vivado2018\Vivado\2018.3\lib\win64.o\librdi_advchipscopeimpl.dll
0x00007ff96c6c0000 - 0x00007ff96c70c000 	E:\UNIVERSITY\chengxu\vivado2018\Vivado\2018.3\lib\win64.o\libboost_serialization.dll
0x00007ff94af20000 - 0x00007ff94afd8000 	E:\UNIVERSITY\chengxu\vivado2018\Vivado\2018.3\lib\win64.o\librdi_hip_devdesign.dll
0x00007ff94ad70000 - 0x00007ff94ae1b000 	E:\UNIVERSITY\chengxu\vivado2018\Vivado\2018.3\lib\win64.o\librdi_ipconfig_readwrite.dll
0x00007ff96e4e0000 - 0x00007ff96e518000 	E:\UNIVERSITY\chengxu\vivado2018\Vivado\2018.3\lib\win64.o\librdi_noc_frameworks.dll
0x00007ff916630000 - 0x00007ff917177000 	E:\UNIVERSITY\chengxu\vivado2018\Vivado\2018.3\lib\win64.o\libverific.dll
0x00007ff962e70000 - 0x00007ff962f0e000 	E:\UNIVERSITY\chengxu\vivado2018\Vivado\2018.3\lib\win64.o\libise.dll
0x00007ff91cba0000 - 0x00007ff92054c000 	E:\UNIVERSITY\chengxu\vivado2018\Vivado\2018.3\lib\win64.o\librdi_mig.dll
0x00007ff916270000 - 0x00007ff916625000 	E:\UNIVERSITY\chengxu\vivado2018\Vivado\2018.3\lib\win64.o\librdi_hip_config.dll

VM Arguments:
jvm_args: -Dsun.java2d.pmoffscreen=false -Dsun.java2d.xrender=false -Dsun.java2d.d3d=false -Dsun.awt.nopixfmt=true -Dsun.java2d.dpiaware=true -Dsun.java2d.uiScale.enabled=false -Xverify:none -Dswing.aatext=true -XX:-UsePerfData -Djdk.map.althashing.threshold=512 -XX:StringTableSize=4072 --add-opens=java.base/java.nio=ALL-UNNAMED --add-opens=java.desktop/sun.swing=ALL-UNNAMED --add-opens=java.desktop/javax.swing=ALL-UNNAMED --add-opens=java.desktop/javax.swing.tree=ALL-UNNAMED --add-opens=java.desktop/javax.swing.plaf.basic=ALL-UNNAMED --add-opens=java.desktop/javax.swing.plaf.synth=ALL-UNNAMED --add-opens=java.desktop/com.sun.awt=ALL-UNNAMED -XX:NewSize=60m -XX:MaxNewSize=60m -Xms128m -Xmx3072m -Xss5m 
java_command: <unknown>
java_class_path (initial): E:/UNIVERSITY/chengxu/vivado2018/Vivado/2018.3\lib\classes\alloy.jar;E:/UNIVERSITY/chengxu/vivado2018/Vivado/2018.3\lib\classes\autopilot.scelaborator.jar;E:/UNIVERSITY/chengxu/vivado2018/Vivado/2018.3\lib\classes\autopilot.sourceprocessor.jar;E:/UNIVERSITY/chengxu/vivado2018/Vivado/2018.3\lib\classes\autopilot.tbprocessor.jar;E:/UNIVERSITY/chengxu/vivado2018/Vivado/2018.3\lib\classes\batik-anim.jar;E:/UNIVERSITY/chengxu/vivado2018/Vivado/2018.3\lib\classes\batik-awt-util.jar;E:/UNIVERSITY/chengxu/vivado2018/Vivado/2018.3\lib\classes\batik-bridge.jar;E:/UNIVERSITY/chengxu/vivado2018/Vivado/2018.3\lib\classes\batik-codec.jar;E:/UNIVERSITY/chengxu/vivado2018/Vivado/2018.3\lib\classes\batik-css.jar;E:/UNIVERSITY/chengxu/vivado2018/Vivado/2018.3\lib\classes\batik-dom.jar;E:/UNIVERSITY/chengxu/vivado2018/Vivado/2018.3\lib\classes\batik-ext.jar;E:/UNIVERSITY/chengxu/vivado2018/Vivado/2018.3\lib\classes\batik-gui-util.jar;E:/UNIVERSITY/chengxu/vivado2018/Vivado/2018.3\lib\classes\batik-gvt.jar;E:/UNIVERSITY/chengxu/vivado2018/Vivado/2018.3\lib\classes\batik-parser.jar;E:/UNIVERSITY/chengxu/vivado2018/Vivado/2018.3\lib\classes\batik-script.jar;E:/UNIVERSITY/chengxu/vivado2018/Vivado/2018.3\lib\classes\batik-svg-dom.jar;E:/UNIVERSITY/chengxu/vivado2018/Vivado/2018.3\lib\classes\batik-swing.jar;E:/UNIVERSITY/chengxu/vivado2018/Vivado/2018.3\lib\classes\batik-transcoder.jar;E:/UNIVERSITY/chengxu/vivado2018/Vivado/2018.3\lib\classes\batik-util.jar;E:/UNIVERSITY/chengxu/vivado2018/Vivado/2018.3\lib\classes\batik-xml.jar;E:/UNIVERSITY/chengxu/vivado2018/Vivado/2018.3\lib\classes\com.ibm.icu_4.4.2.v20110208.jar;E:/UNIVERSITY/chengxu/vivado2018/Vivado/2018.3\lib\classes\commons-collections4-4.1.jar;E:/UNIVERSITY/chengxu/vivado2018/Vivado/2018.3\lib\classes\commons-math-2.2.jar;E:/UNIVERSITY/chengxu/vivado2018/Vivado/2018.3\lib\classes\dom4j-1.6.1.jar;E:/UNIVERSITY/chengxu/vivado2018/Vivado/2018.3\lib\classes\guava-18.0.jar;E:/UNIVERSITY/chengxu/vivado20
Launcher Type: generic

Logging:
Log output configuration:
#0: stdout all=warning uptime,level,tags
#1: stderr all=off uptime,level,tags

Environment Variables:
PATH=E:/UNIVERSITY/chengxu/vivado2018/Vivado/2018.3/bin;E:/UNIVERSITY/chengxu/vivado2018/Vivado/2018.3/lib/win64.o;E:/UNIVERSITY/chengxu/vivado2018/Vivado/2018.3/tps/win64/jre9.0.4/bin/server;E:/UNIVERSITY/chengxu/vivado2018/Vivado/2018.3/tps/win64/jre9.0.4/bin;E:/UNIVERSITY/chengxu/vivado2018/SDK/2018.3/bin;E:/UNIVERSITY/chengxu/vivado2018/Vivado/2018.3/ids_lite/ISE/bin/nt64;E:/UNIVERSITY/chengxu/vivado2018/Vivado/2018.3/ids_lite/ISE/lib/nt64;C:\WINDOWS\system32;C:\WINDOWS;C:\WINDOWS\System32\Wbem;C:\WINDOWS\System32\WindowsPowerShell\v1.0\;C:\WINDOWS\System32\OpenSSH\;E:\UNIVERSITY\chengxu\matlab\runtime\win64;E:\UNIVERSITY\chengxu\matlab\bin;E:\UNIVERSITY\chengxu\Git\cmd;C:\Users\kk\AppData\Local\Microsoft\WindowsApps;;E:\UNIVERSITY\SHUDIAN\modelsim\win64;E:\UNIVERSITY\SHUDIAN\quartus\modelsim_ase\win32aloem;E:\UNIVERSITY\chengxu\Microsoft VS Code\bin;E:/UNIVERSITY/chengxu/vivado2018/Vivado/2018.3\tps\mingw\6.2.0\win64.o\nt\bin;E:/UNIVERSITY/chengxu/vivado2018/Vivado/2018.3\tps\mingw\6.2.0\win64.o\nt\libexec\gcc\x86_64-w64-mingw32\6.2.0
USERNAME=kk
OS=Windows_NT
PROCESSOR_IDENTIFIER=Intel64 Family 6 Model 142 Stepping 10, GenuineIntel



---------------  S Y S T E M  ---------------

OS: Windows 10 , 64 bit Build 18362 (10.0.18362.959)

CPU:total 8 (initial active 8) (4 cores per cpu, 2 threads per core) family 6 model 142 stepping 10, cmov, cx8, fxsr, mmx, sse, sse2, sse3, ssse3, sse4.1, sse4.2, popcnt, avx, avx2, aes, clmul, erms, 3dnowpref, lzcnt, ht, tsc, tscinvbit, bmi1, bmi2, adx, fma

Memory: 4k page, physical 8272660k(3266388k free), swap 11156244k(3505176k free)

vm_info: Java HotSpot(TM) 64-Bit Server VM (9.0.4+11) for windows-amd64 JRE (9.0.4+11), built on Dec 20 2017 02:18:54 by "mach5one" with MS VC++ 12.0 (VS2013)

END.
