INFO: [VRFC 10-2263] Analyzing Verilog file "E:/UNIVERSITY/alltext/fpga_teris/demo2/demo2.srcs/sources_1/new/Driver_HDMI.v" into library xil_defaultlib
INFO: [VRFC 10-311] analyzing module Driver_HDMI
INFO: [VRFC 10-2263] Analyzing Verilog file "E:/UNIVERSITY/alltext/fpga_teris/demo2/demo2.srcs/sources_1/new/clockdown.v" into library xil_defaultlib
INFO: [VRFC 10-311] analyzing module clockdown
INFO: [VRFC 10-2263] Analyzing Verilog file "E:/UNIVERSITY/alltext/fpga_teris/demo2/demo2.srcs/sources_1/new/demo2.v" into library xil_defaultlib
INFO: [VRFC 10-311] analyzing module demo2
INFO: [VRFC 10-2263] Analyzing Verilog file "E:/UNIVERSITY/alltext/fpga_teris/demo2/demo2.srcs/sources_1/new/game.v" into library xil_defaultlib
INFO: [VRFC 10-311] analyzing module game
INFO: [VRFC 10-2263] Analyzing Verilog file "E:/UNIVERSITY/alltext/fpga_teris/demo2/demo2.srcs/sources_1/new/key.v" into library xil_defaultlib
INFO: [VRFC 10-311] analyzing module key
INFO: [VRFC 10-2263] Analyzing Verilog file "E:/UNIVERSITY/alltext/fpga_teris/demo2/demo2.srcs/sources_1/new/turn_to_rgb.v" into library xil_defaultlib
INFO: [VRFC 10-311] analyzing module turn_to_rgb
INFO: [VRFC 10-2263] Analyzing Verilog file "E:/UNIVERSITY/alltext/fpga_teris/demo2/demo2.srcs/sim_1/new/testbench.v" into library xil_defaultlib
INFO: [VRFC 10-311] analyzing module testbench
INFO: [VRFC 10-2263] Analyzing Verilog file "E:/UNIVERSITY/alltext/fpga_teris/demo2/demo2.sim/sim_1/behav/xsim/glbl.v" into library xil_defaultlib
INFO: [VRFC 10-311] analyzing module glbl
INFO: [VRFC 10-163] Analyzing VHDL file "E:/UNIVERSITY/alltext/fpga_teris/demo2/demo2.ip_user_files/ipstatic/src/ClockGen.vhd" into library xil_defaultlib
INFO: [VRFC 10-3107] analyzing entity 'ClockGen'
INFO: [VRFC 10-163] Analyzing VHDL file "E:/UNIVERSITY/alltext/fpga_teris/demo2/demo2.ip_user_files/ipstatic/src/SyncAsync.vhd" into library xil_defaultlib
INFO: [VRFC 10-3107] analyzing entity 'SyncAsync'
INFO: [VRFC 10-163] Analyzing VHDL file "E:/UNIVERSITY/alltext/fpga_teris/demo2/demo2.ip_user_files/ipstatic/src/SyncAsyncReset.vhd" into library xil_defaultlib
INFO: [VRFC 10-3107] analyzing entity 'ResetBridge'
INFO: [VRFC 10-163] Analyzing VHDL file "E:/UNIVERSITY/alltext/fpga_teris/demo2/demo2.ip_user_files/ipstatic/src/DVI_Constants.vhd" into library xil_defaultlib
INFO: [VRFC 10-163] Analyzing VHDL file "E:/UNIVERSITY/alltext/fpga_teris/demo2/demo2.ip_user_files/ipstatic/src/OutputSERDES.vhd" into library xil_defaultlib
INFO: [VRFC 10-3107] analyzing entity 'OutputSERDES'
INFO: [VRFC 10-163] Analyzing VHDL file "E:/UNIVERSITY/alltext/fpga_teris/demo2/demo2.ip_user_files/ipstatic/src/TMDS_Encoder.vhd" into library xil_defaultlib
INFO: [VRFC 10-3107] analyzing entity 'TMDS_Encoder'
INFO: [VRFC 10-163] Analyzing VHDL file "E:/UNIVERSITY/alltext/fpga_teris/demo2/demo2.ip_user_files/ipstatic/src/rgb2dvi.vhd" into library xil_defaultlib
INFO: [VRFC 10-3107] analyzing entity 'rgb2dvi'
INFO: [VRFC 10-163] Analyzing VHDL file "E:/UNIVERSITY/alltext/fpga_teris/demo2/demo2.srcs/sources_1/ip/rgb2dvi_0/sim/rgb2dvi_0.vhd" into library xil_defaultlib
INFO: [VRFC 10-3107] analyzing entity 'rgb2dvi_0'
